/home/public/tracker_benchmark_v1.0/benchmarks/tracker_benchmark/data/Human5/img/0001.jpg,325,413,15,42
/home/public/tracker_benchmark_v1.0/benchmarks/tracker_benchmark/data/Human5/img/0002.jpg,325,413,15,42
/home/public/tracker_benchmark_v1.0/benchmarks/tracker_benchmark/data/Human5/img/0003.jpg,325,413,15,42
/home/public/tracker_benchmark_v1.0/benchmarks/tracker_benchmark/data/Human5/img/0004.jpg,325,413,15,42
/home/public/tracker_benchmark_v1.0/benchmarks/tracker_benchmark/data/Human5/img/0005.jpg,325,413,15,42
/home/public/tracker_benchmark_v1.0/benchmarks/tracker_benchmark/data/Human5/img/0006.jpg,325,413,15,42
/home/public/tracker_benchmark_v1.0/benchmarks/tracker_benchmark/data/Human5/img/0007.jpg,325,413,15,42
/home/public/tracker_benchmark_v1.0/benchmarks/tracker_benchmark/data/Human5/img/0008.jpg,325,413,15,42
/home/public/tracker_benchmark_v1.0/benchmarks/tracker_benchmark/data/Human5/img/0009.jpg,325,413,15,42
/home/public/tracker_benchmark_v1.0/benchmarks/tracker_benchmark/data/Human5/img/0010.jpg,325,413,15,42
/home/public/tracker_benchmark_v1.0/benchmarks/tracker_benchmark/data/Human5/img/0011.jpg,325,413,15,42
/home/public/tracker_benchmark_v1.0/benchmarks/tracker_benchmark/data/Human5/img/0012.jpg,325,413,15,42
/home/public/tracker_benchmark_v1.0/benchmarks/tracker_benchmark/data/Human5/img/0013.jpg,325,413,15,42
/home/public/tracker_benchmark_v1.0/benchmarks/tracker_benchmark/data/Human5/img/0014.jpg,325,413,15,42
/home/public/tracker_benchmark_v1.0/benchmarks/tracker_benchmark/data/Human5/img/0015.jpg,325,413,15,42
/home/public/tracker_benchmark_v1.0/benchmarks/tracker_benchmark/data/Human5/img/0016.jpg,325,413,15,42
/home/public/tracker_benchmark_v1.0/benchmarks/tracker_benchmark/data/Human5/img/0017.jpg,325,413,15,42
/home/public/tracker_benchmark_v1.0/benchmarks/tracker_benchmark/data/Human5/img/0018.jpg,325,413,15,42
/home/public/tracker_benchmark_v1.0/benchmarks/tracker_benchmark/data/Human5/img/0019.jpg,325,413,15,42
/home/public/tracker_benchmark_v1.0/benchmarks/tracker_benchmark/data/Human5/img/0020.jpg,325,413,15,42
/home/public/tracker_benchmark_v1.0/benchmarks/tracker_benchmark/data/Human5/img/0021.jpg,325,413,15,42
/home/public/tracker_benchmark_v1.0/benchmarks/tracker_benchmark/data/Human5/img/0022.jpg,325,413,15,42
/home/public/tracker_benchmark_v1.0/benchmarks/tracker_benchmark/data/Human5/img/0023.jpg,325,413,15,42
/home/public/tracker_benchmark_v1.0/benchmarks/tracker_benchmark/data/Human5/img/0024.jpg,325,413,15,42
/home/public/tracker_benchmark_v1.0/benchmarks/tracker_benchmark/data/Human5/img/0025.jpg,325,413,15,42
/home/public/tracker_benchmark_v1.0/benchmarks/tracker_benchmark/data/Human5/img/0026.jpg,325,413,15,42
/home/public/tracker_benchmark_v1.0/benchmarks/tracker_benchmark/data/Human5/img/0027.jpg,325,413,15,42
/home/public/tracker_benchmark_v1.0/benchmarks/tracker_benchmark/data/Human5/img/0028.jpg,325,413,15,42
/home/public/tracker_benchmark_v1.0/benchmarks/tracker_benchmark/data/Human5/img/0029.jpg,325,413,15,42
/home/public/tracker_benchmark_v1.0/benchmarks/tracker_benchmark/data/Human5/img/0030.jpg,325,413,15,42
/home/public/tracker_benchmark_v1.0/benchmarks/tracker_benchmark/data/Human5/img/0031.jpg,325,413,15,42
/home/public/tracker_benchmark_v1.0/benchmarks/tracker_benchmark/data/Human5/img/0032.jpg,325,413,15,42
/home/public/tracker_benchmark_v1.0/benchmarks/tracker_benchmark/data/Human5/img/0033.jpg,325,413,15,42
/home/public/tracker_benchmark_v1.0/benchmarks/tracker_benchmark/data/Human5/img/0034.jpg,325,413,15,42
/home/public/tracker_benchmark_v1.0/benchmarks/tracker_benchmark/data/Human5/img/0035.jpg,325,413,15,42
/home/public/tracker_benchmark_v1.0/benchmarks/tracker_benchmark/data/Human5/img/0036.jpg,325,413,15,42
/home/public/tracker_benchmark_v1.0/benchmarks/tracker_benchmark/data/Human5/img/0037.jpg,325,413,15,42
/home/public/tracker_benchmark_v1.0/benchmarks/tracker_benchmark/data/Human5/img/0038.jpg,325,413,15,42
/home/public/tracker_benchmark_v1.0/benchmarks/tracker_benchmark/data/Human5/img/0039.jpg,325,413,15,42
/home/public/tracker_benchmark_v1.0/benchmarks/tracker_benchmark/data/Human5/img/0040.jpg,325,413,15,42
/home/public/tracker_benchmark_v1.0/benchmarks/tracker_benchmark/data/Human5/img/0041.jpg,325,413,15,42
/home/public/tracker_benchmark_v1.0/benchmarks/tracker_benchmark/data/Human5/img/0042.jpg,325,413,15,42
/home/public/tracker_benchmark_v1.0/benchmarks/tracker_benchmark/data/Human5/img/0043.jpg,325,413,15,42
/home/public/tracker_benchmark_v1.0/benchmarks/tracker_benchmark/data/Human5/img/0044.jpg,325,413,15,42
/home/public/tracker_benchmark_v1.0/benchmarks/tracker_benchmark/data/Human5/img/0045.jpg,325,413,15,42
/home/public/tracker_benchmark_v1.0/benchmarks/tracker_benchmark/data/Human5/img/0046.jpg,325,413,15,42
/home/public/tracker_benchmark_v1.0/benchmarks/tracker_benchmark/data/Human5/img/0047.jpg,325,413,15,42
/home/public/tracker_benchmark_v1.0/benchmarks/tracker_benchmark/data/Human5/img/0048.jpg,325,413,15,42
/home/public/tracker_benchmark_v1.0/benchmarks/tracker_benchmark/data/Human5/img/0049.jpg,325,413,15,42
/home/public/tracker_benchmark_v1.0/benchmarks/tracker_benchmark/data/Human5/img/0050.jpg,325,413,15,42
/home/public/tracker_benchmark_v1.0/benchmarks/tracker_benchmark/data/Human5/img/0051.jpg,325,413,15,42
/home/public/tracker_benchmark_v1.0/benchmarks/tracker_benchmark/data/Human5/img/0052.jpg,325,413,15,42
/home/public/tracker_benchmark_v1.0/benchmarks/tracker_benchmark/data/Human5/img/0053.jpg,325,413,15,42
/home/public/tracker_benchmark_v1.0/benchmarks/tracker_benchmark/data/Human5/img/0054.jpg,325,413,15,42
/home/public/tracker_benchmark_v1.0/benchmarks/tracker_benchmark/data/Human5/img/0055.jpg,325,413,15,42
/home/public/tracker_benchmark_v1.0/benchmarks/tracker_benchmark/data/Human5/img/0056.jpg,325,413,15,42
/home/public/tracker_benchmark_v1.0/benchmarks/tracker_benchmark/data/Human5/img/0057.jpg,325,413,15,42
/home/public/tracker_benchmark_v1.0/benchmarks/tracker_benchmark/data/Human5/img/0058.jpg,325,413,15,42
/home/public/tracker_benchmark_v1.0/benchmarks/tracker_benchmark/data/Human5/img/0059.jpg,325,413,15,42
/home/public/tracker_benchmark_v1.0/benchmarks/tracker_benchmark/data/Human5/img/0060.jpg,325,413,15,42
/home/public/tracker_benchmark_v1.0/benchmarks/tracker_benchmark/data/Human5/img/0061.jpg,325,413,15,42
/home/public/tracker_benchmark_v1.0/benchmarks/tracker_benchmark/data/Human5/img/0062.jpg,325,413,15,42
/home/public/tracker_benchmark_v1.0/benchmarks/tracker_benchmark/data/Human5/img/0063.jpg,325,413,15,42
/home/public/tracker_benchmark_v1.0/benchmarks/tracker_benchmark/data/Human5/img/0064.jpg,325,413,15,42
/home/public/tracker_benchmark_v1.0/benchmarks/tracker_benchmark/data/Human5/img/0065.jpg,325,413,15,42
/home/public/tracker_benchmark_v1.0/benchmarks/tracker_benchmark/data/Human5/img/0066.jpg,325,413,15,42
/home/public/tracker_benchmark_v1.0/benchmarks/tracker_benchmark/data/Human5/img/0067.jpg,325,413,15,42
/home/public/tracker_benchmark_v1.0/benchmarks/tracker_benchmark/data/Human5/img/0068.jpg,325,413,15,42
/home/public/tracker_benchmark_v1.0/benchmarks/tracker_benchmark/data/Human5/img/0069.jpg,325,413,15,42
/home/public/tracker_benchmark_v1.0/benchmarks/tracker_benchmark/data/Human5/img/0070.jpg,325,413,15,42
/home/public/tracker_benchmark_v1.0/benchmarks/tracker_benchmark/data/Human5/img/0071.jpg,325,413,15,42
/home/public/tracker_benchmark_v1.0/benchmarks/tracker_benchmark/data/Human5/img/0072.jpg,325,413,15,42
/home/public/tracker_benchmark_v1.0/benchmarks/tracker_benchmark/data/Human5/img/0073.jpg,325,413,15,42
/home/public/tracker_benchmark_v1.0/benchmarks/tracker_benchmark/data/Human5/img/0074.jpg,325,413,15,42
/home/public/tracker_benchmark_v1.0/benchmarks/tracker_benchmark/data/Human5/img/0075.jpg,325,413,15,42
/home/public/tracker_benchmark_v1.0/benchmarks/tracker_benchmark/data/Human5/img/0076.jpg,325,413,15,42
/home/public/tracker_benchmark_v1.0/benchmarks/tracker_benchmark/data/Human5/img/0077.jpg,325,413,15,42
/home/public/tracker_benchmark_v1.0/benchmarks/tracker_benchmark/data/Human5/img/0078.jpg,325,413,15,42
/home/public/tracker_benchmark_v1.0/benchmarks/tracker_benchmark/data/Human5/img/0079.jpg,325,413,15,42
/home/public/tracker_benchmark_v1.0/benchmarks/tracker_benchmark/data/Human5/img/0080.jpg,325,413,15,42
/home/public/tracker_benchmark_v1.0/benchmarks/tracker_benchmark/data/Human5/img/0081.jpg,325,413,15,42
/home/public/tracker_benchmark_v1.0/benchmarks/tracker_benchmark/data/Human5/img/0082.jpg,325,413,15,42
/home/public/tracker_benchmark_v1.0/benchmarks/tracker_benchmark/data/Human5/img/0083.jpg,325,413,15,42
/home/public/tracker_benchmark_v1.0/benchmarks/tracker_benchmark/data/Human5/img/0084.jpg,325,413,15,42
/home/public/tracker_benchmark_v1.0/benchmarks/tracker_benchmark/data/Human5/img/0085.jpg,325,413,15,42
/home/public/tracker_benchmark_v1.0/benchmarks/tracker_benchmark/data/Human5/img/0086.jpg,325,413,15,42
/home/public/tracker_benchmark_v1.0/benchmarks/tracker_benchmark/data/Human5/img/0087.jpg,325,413,15,42
/home/public/tracker_benchmark_v1.0/benchmarks/tracker_benchmark/data/Human5/img/0088.jpg,325,413,15,42
/home/public/tracker_benchmark_v1.0/benchmarks/tracker_benchmark/data/Human5/img/0089.jpg,325,413,15,42
/home/public/tracker_benchmark_v1.0/benchmarks/tracker_benchmark/data/Human5/img/0090.jpg,325,413,15,42
/home/public/tracker_benchmark_v1.0/benchmarks/tracker_benchmark/data/Human5/img/0091.jpg,325,413,15,42
/home/public/tracker_benchmark_v1.0/benchmarks/tracker_benchmark/data/Human5/img/0092.jpg,325,413,15,42
/home/public/tracker_benchmark_v1.0/benchmarks/tracker_benchmark/data/Human5/img/0093.jpg,325,413,15,42
/home/public/tracker_benchmark_v1.0/benchmarks/tracker_benchmark/data/Human5/img/0094.jpg,325,413,15,42
/home/public/tracker_benchmark_v1.0/benchmarks/tracker_benchmark/data/Human5/img/0095.jpg,325,413,15,42
/home/public/tracker_benchmark_v1.0/benchmarks/tracker_benchmark/data/Human5/img/0096.jpg,325,413,15,42
/home/public/tracker_benchmark_v1.0/benchmarks/tracker_benchmark/data/Human5/img/0097.jpg,325,413,15,42
/home/public/tracker_benchmark_v1.0/benchmarks/tracker_benchmark/data/Human5/img/0098.jpg,325,413,15,42
/home/public/tracker_benchmark_v1.0/benchmarks/tracker_benchmark/data/Human5/img/0099.jpg,325,413,15,42
/home/public/tracker_benchmark_v1.0/benchmarks/tracker_benchmark/data/Human5/img/0100.jpg,325,413,15,42
/home/public/tracker_benchmark_v1.0/benchmarks/tracker_benchmark/data/Human5/img/0101.jpg,325,413,15,42
/home/public/tracker_benchmark_v1.0/benchmarks/tracker_benchmark/data/Human5/img/0102.jpg,325,413,15,42
/home/public/tracker_benchmark_v1.0/benchmarks/tracker_benchmark/data/Human5/img/0103.jpg,325,413,15,42
/home/public/tracker_benchmark_v1.0/benchmarks/tracker_benchmark/data/Human5/img/0104.jpg,325,413,15,42
/home/public/tracker_benchmark_v1.0/benchmarks/tracker_benchmark/data/Human5/img/0105.jpg,325,413,15,42
/home/public/tracker_benchmark_v1.0/benchmarks/tracker_benchmark/data/Human5/img/0106.jpg,325,413,15,42
/home/public/tracker_benchmark_v1.0/benchmarks/tracker_benchmark/data/Human5/img/0107.jpg,325,413,15,42
/home/public/tracker_benchmark_v1.0/benchmarks/tracker_benchmark/data/Human5/img/0108.jpg,325,413,15,42
/home/public/tracker_benchmark_v1.0/benchmarks/tracker_benchmark/data/Human5/img/0109.jpg,325,413,15,42
/home/public/tracker_benchmark_v1.0/benchmarks/tracker_benchmark/data/Human5/img/0110.jpg,325,413,15,42
/home/public/tracker_benchmark_v1.0/benchmarks/tracker_benchmark/data/Human5/img/0111.jpg,325,413,15,42
/home/public/tracker_benchmark_v1.0/benchmarks/tracker_benchmark/data/Human5/img/0112.jpg,325,413,15,42
/home/public/tracker_benchmark_v1.0/benchmarks/tracker_benchmark/data/Human5/img/0113.jpg,325,413,15,42
/home/public/tracker_benchmark_v1.0/benchmarks/tracker_benchmark/data/Human5/img/0114.jpg,325,413,15,42
/home/public/tracker_benchmark_v1.0/benchmarks/tracker_benchmark/data/Human5/img/0115.jpg,325,413,15,42
/home/public/tracker_benchmark_v1.0/benchmarks/tracker_benchmark/data/Human5/img/0116.jpg,325,413,15,42
/home/public/tracker_benchmark_v1.0/benchmarks/tracker_benchmark/data/Human5/img/0117.jpg,325,413,15,42
/home/public/tracker_benchmark_v1.0/benchmarks/tracker_benchmark/data/Human5/img/0118.jpg,325,413,15,42
/home/public/tracker_benchmark_v1.0/benchmarks/tracker_benchmark/data/Human5/img/0119.jpg,325,413,15,42
/home/public/tracker_benchmark_v1.0/benchmarks/tracker_benchmark/data/Human5/img/0120.jpg,325,413,15,42
/home/public/tracker_benchmark_v1.0/benchmarks/tracker_benchmark/data/Human5/img/0121.jpg,325,413,15,42
/home/public/tracker_benchmark_v1.0/benchmarks/tracker_benchmark/data/Human5/img/0122.jpg,325,413,15,42
/home/public/tracker_benchmark_v1.0/benchmarks/tracker_benchmark/data/Human5/img/0123.jpg,325,413,15,42
/home/public/tracker_benchmark_v1.0/benchmarks/tracker_benchmark/data/Human5/img/0124.jpg,325,413,15,42
/home/public/tracker_benchmark_v1.0/benchmarks/tracker_benchmark/data/Human5/img/0125.jpg,325,413,15,42
/home/public/tracker_benchmark_v1.0/benchmarks/tracker_benchmark/data/Human5/img/0126.jpg,325,413,15,42
/home/public/tracker_benchmark_v1.0/benchmarks/tracker_benchmark/data/Human5/img/0127.jpg,325,413,15,42
/home/public/tracker_benchmark_v1.0/benchmarks/tracker_benchmark/data/Human5/img/0128.jpg,325,413,15,42
/home/public/tracker_benchmark_v1.0/benchmarks/tracker_benchmark/data/Human5/img/0129.jpg,325,413,15,42
/home/public/tracker_benchmark_v1.0/benchmarks/tracker_benchmark/data/Human5/img/0130.jpg,325,413,15,42
/home/public/tracker_benchmark_v1.0/benchmarks/tracker_benchmark/data/Human5/img/0131.jpg,325,413,15,42
/home/public/tracker_benchmark_v1.0/benchmarks/tracker_benchmark/data/Human5/img/0132.jpg,325,413,15,42
/home/public/tracker_benchmark_v1.0/benchmarks/tracker_benchmark/data/Human5/img/0133.jpg,325,413,15,42
/home/public/tracker_benchmark_v1.0/benchmarks/tracker_benchmark/data/Human5/img/0134.jpg,325,413,15,42
/home/public/tracker_benchmark_v1.0/benchmarks/tracker_benchmark/data/Human5/img/0135.jpg,325,413,15,42
/home/public/tracker_benchmark_v1.0/benchmarks/tracker_benchmark/data/Human5/img/0136.jpg,325,413,15,42
/home/public/tracker_benchmark_v1.0/benchmarks/tracker_benchmark/data/Human5/img/0137.jpg,325,413,15,42
/home/public/tracker_benchmark_v1.0/benchmarks/tracker_benchmark/data/Human5/img/0138.jpg,325,413,15,42
/home/public/tracker_benchmark_v1.0/benchmarks/tracker_benchmark/data/Human5/img/0139.jpg,325,413,15,42
/home/public/tracker_benchmark_v1.0/benchmarks/tracker_benchmark/data/Human5/img/0140.jpg,325,413,15,42
/home/public/tracker_benchmark_v1.0/benchmarks/tracker_benchmark/data/Human5/img/0141.jpg,325,413,15,42
/home/public/tracker_benchmark_v1.0/benchmarks/tracker_benchmark/data/Human5/img/0142.jpg,325,413,15,42
/home/public/tracker_benchmark_v1.0/benchmarks/tracker_benchmark/data/Human5/img/0143.jpg,325,413,15,42
/home/public/tracker_benchmark_v1.0/benchmarks/tracker_benchmark/data/Human5/img/0144.jpg,325,413,15,42
/home/public/tracker_benchmark_v1.0/benchmarks/tracker_benchmark/data/Human5/img/0145.jpg,325,413,15,42
/home/public/tracker_benchmark_v1.0/benchmarks/tracker_benchmark/data/Human5/img/0146.jpg,325,413,15,42
/home/public/tracker_benchmark_v1.0/benchmarks/tracker_benchmark/data/Human5/img/0147.jpg,325,413,15,42
/home/public/tracker_benchmark_v1.0/benchmarks/tracker_benchmark/data/Human5/img/0148.jpg,325,413,15,42
/home/public/tracker_benchmark_v1.0/benchmarks/tracker_benchmark/data/Human5/img/0149.jpg,325,413,15,42
/home/public/tracker_benchmark_v1.0/benchmarks/tracker_benchmark/data/Human5/img/0150.jpg,325,413,15,42
/home/public/tracker_benchmark_v1.0/benchmarks/tracker_benchmark/data/Human5/img/0151.jpg,325,413,15,42
/home/public/tracker_benchmark_v1.0/benchmarks/tracker_benchmark/data/Human5/img/0152.jpg,325,413,15,42
/home/public/tracker_benchmark_v1.0/benchmarks/tracker_benchmark/data/Human5/img/0153.jpg,325,413,15,42
/home/public/tracker_benchmark_v1.0/benchmarks/tracker_benchmark/data/Human5/img/0154.jpg,325,413,15,42
/home/public/tracker_benchmark_v1.0/benchmarks/tracker_benchmark/data/Human5/img/0155.jpg,325,413,15,42
/home/public/tracker_benchmark_v1.0/benchmarks/tracker_benchmark/data/Human5/img/0156.jpg,325,413,15,42
/home/public/tracker_benchmark_v1.0/benchmarks/tracker_benchmark/data/Human5/img/0157.jpg,325,413,15,42
/home/public/tracker_benchmark_v1.0/benchmarks/tracker_benchmark/data/Human5/img/0158.jpg,325,413,15,42
/home/public/tracker_benchmark_v1.0/benchmarks/tracker_benchmark/data/Human5/img/0159.jpg,325,413,15,42
/home/public/tracker_benchmark_v1.0/benchmarks/tracker_benchmark/data/Human5/img/0160.jpg,325,413,15,42
/home/public/tracker_benchmark_v1.0/benchmarks/tracker_benchmark/data/Human5/img/0161.jpg,325,413,15,42
/home/public/tracker_benchmark_v1.0/benchmarks/tracker_benchmark/data/Human5/img/0162.jpg,325,413,15,42
/home/public/tracker_benchmark_v1.0/benchmarks/tracker_benchmark/data/Human5/img/0163.jpg,325,413,15,42
/home/public/tracker_benchmark_v1.0/benchmarks/tracker_benchmark/data/Human5/img/0164.jpg,325,413,15,42
/home/public/tracker_benchmark_v1.0/benchmarks/tracker_benchmark/data/Human5/img/0165.jpg,325,413,15,42
/home/public/tracker_benchmark_v1.0/benchmarks/tracker_benchmark/data/Human5/img/0166.jpg,325,413,15,42
/home/public/tracker_benchmark_v1.0/benchmarks/tracker_benchmark/data/Human5/img/0167.jpg,325,413,15,42
/home/public/tracker_benchmark_v1.0/benchmarks/tracker_benchmark/data/Human5/img/0168.jpg,325,413,15,42
/home/public/tracker_benchmark_v1.0/benchmarks/tracker_benchmark/data/Human5/img/0169.jpg,325,413,15,42
/home/public/tracker_benchmark_v1.0/benchmarks/tracker_benchmark/data/Human5/img/0170.jpg,325,413,15,42
/home/public/tracker_benchmark_v1.0/benchmarks/tracker_benchmark/data/Human5/img/0171.jpg,325,413,15,42
/home/public/tracker_benchmark_v1.0/benchmarks/tracker_benchmark/data/Human5/img/0172.jpg,325,413,15,42
/home/public/tracker_benchmark_v1.0/benchmarks/tracker_benchmark/data/Human5/img/0173.jpg,325,413,15,42
/home/public/tracker_benchmark_v1.0/benchmarks/tracker_benchmark/data/Human5/img/0174.jpg,325,413,15,42
/home/public/tracker_benchmark_v1.0/benchmarks/tracker_benchmark/data/Human5/img/0175.jpg,325,413,15,42
/home/public/tracker_benchmark_v1.0/benchmarks/tracker_benchmark/data/Human5/img/0176.jpg,325,413,15,42
/home/public/tracker_benchmark_v1.0/benchmarks/tracker_benchmark/data/Human5/img/0177.jpg,325,413,15,42
/home/public/tracker_benchmark_v1.0/benchmarks/tracker_benchmark/data/Human5/img/0178.jpg,325,413,15,42
/home/public/tracker_benchmark_v1.0/benchmarks/tracker_benchmark/data/Human5/img/0179.jpg,325,413,15,42
/home/public/tracker_benchmark_v1.0/benchmarks/tracker_benchmark/data/Human5/img/0180.jpg,325,413,15,42
/home/public/tracker_benchmark_v1.0/benchmarks/tracker_benchmark/data/Human5/img/0181.jpg,325,413,15,42
/home/public/tracker_benchmark_v1.0/benchmarks/tracker_benchmark/data/Human5/img/0182.jpg,325,413,15,42
/home/public/tracker_benchmark_v1.0/benchmarks/tracker_benchmark/data/Human5/img/0183.jpg,325,413,15,42
/home/public/tracker_benchmark_v1.0/benchmarks/tracker_benchmark/data/Human5/img/0184.jpg,325,413,15,42
/home/public/tracker_benchmark_v1.0/benchmarks/tracker_benchmark/data/Human5/img/0185.jpg,325,413,15,42
/home/public/tracker_benchmark_v1.0/benchmarks/tracker_benchmark/data/Human5/img/0186.jpg,325,413,15,42
/home/public/tracker_benchmark_v1.0/benchmarks/tracker_benchmark/data/Human5/img/0187.jpg,325,413,15,42
/home/public/tracker_benchmark_v1.0/benchmarks/tracker_benchmark/data/Human5/img/0188.jpg,325,413,15,42
/home/public/tracker_benchmark_v1.0/benchmarks/tracker_benchmark/data/Human5/img/0189.jpg,325,413,15,42
/home/public/tracker_benchmark_v1.0/benchmarks/tracker_benchmark/data/Human5/img/0190.jpg,325,413,15,42
/home/public/tracker_benchmark_v1.0/benchmarks/tracker_benchmark/data/Human5/img/0191.jpg,325,413,15,42
/home/public/tracker_benchmark_v1.0/benchmarks/tracker_benchmark/data/Human5/img/0192.jpg,325,413,15,42
/home/public/tracker_benchmark_v1.0/benchmarks/tracker_benchmark/data/Human5/img/0193.jpg,325,413,15,42
/home/public/tracker_benchmark_v1.0/benchmarks/tracker_benchmark/data/Human5/img/0194.jpg,325,413,15,42
/home/public/tracker_benchmark_v1.0/benchmarks/tracker_benchmark/data/Human5/img/0195.jpg,325,413,15,42
/home/public/tracker_benchmark_v1.0/benchmarks/tracker_benchmark/data/Human5/img/0196.jpg,325,413,15,42
/home/public/tracker_benchmark_v1.0/benchmarks/tracker_benchmark/data/Human5/img/0197.jpg,325,413,15,42
/home/public/tracker_benchmark_v1.0/benchmarks/tracker_benchmark/data/Human5/img/0198.jpg,325,413,15,42
/home/public/tracker_benchmark_v1.0/benchmarks/tracker_benchmark/data/Human5/img/0199.jpg,325,413,15,42
/home/public/tracker_benchmark_v1.0/benchmarks/tracker_benchmark/data/Human5/img/0200.jpg,325,413,15,42
/home/public/tracker_benchmark_v1.0/benchmarks/tracker_benchmark/data/Human5/img/0201.jpg,325,413,15,42
/home/public/tracker_benchmark_v1.0/benchmarks/tracker_benchmark/data/Human5/img/0202.jpg,325,413,15,42
/home/public/tracker_benchmark_v1.0/benchmarks/tracker_benchmark/data/Human5/img/0203.jpg,325,413,15,42
/home/public/tracker_benchmark_v1.0/benchmarks/tracker_benchmark/data/Human5/img/0204.jpg,325,413,15,42
/home/public/tracker_benchmark_v1.0/benchmarks/tracker_benchmark/data/Human5/img/0205.jpg,325,413,15,42
/home/public/tracker_benchmark_v1.0/benchmarks/tracker_benchmark/data/Human5/img/0206.jpg,325,413,15,42
/home/public/tracker_benchmark_v1.0/benchmarks/tracker_benchmark/data/Human5/img/0207.jpg,325,413,15,42
/home/public/tracker_benchmark_v1.0/benchmarks/tracker_benchmark/data/Human5/img/0208.jpg,325,413,15,42
/home/public/tracker_benchmark_v1.0/benchmarks/tracker_benchmark/data/Human5/img/0209.jpg,325,413,15,42
/home/public/tracker_benchmark_v1.0/benchmarks/tracker_benchmark/data/Human5/img/0210.jpg,325,413,15,42
/home/public/tracker_benchmark_v1.0/benchmarks/tracker_benchmark/data/Human5/img/0211.jpg,325,413,15,42
/home/public/tracker_benchmark_v1.0/benchmarks/tracker_benchmark/data/Human5/img/0212.jpg,325,413,15,42
/home/public/tracker_benchmark_v1.0/benchmarks/tracker_benchmark/data/Human5/img/0213.jpg,325,413,15,42
/home/public/tracker_benchmark_v1.0/benchmarks/tracker_benchmark/data/Human5/img/0214.jpg,325,413,15,42
/home/public/tracker_benchmark_v1.0/benchmarks/tracker_benchmark/data/Human5/img/0215.jpg,325,413,15,42
/home/public/tracker_benchmark_v1.0/benchmarks/tracker_benchmark/data/Human5/img/0216.jpg,325,413,15,42
/home/public/tracker_benchmark_v1.0/benchmarks/tracker_benchmark/data/Human5/img/0217.jpg,325,413,15,42
/home/public/tracker_benchmark_v1.0/benchmarks/tracker_benchmark/data/Human5/img/0218.jpg,325,413,15,42
/home/public/tracker_benchmark_v1.0/benchmarks/tracker_benchmark/data/Human5/img/0219.jpg,325,413,15,42
/home/public/tracker_benchmark_v1.0/benchmarks/tracker_benchmark/data/Human5/img/0220.jpg,325,413,15,42
/home/public/tracker_benchmark_v1.0/benchmarks/tracker_benchmark/data/Human5/img/0221.jpg,325,413,15,42
/home/public/tracker_benchmark_v1.0/benchmarks/tracker_benchmark/data/Human5/img/0222.jpg,325,413,15,42
/home/public/tracker_benchmark_v1.0/benchmarks/tracker_benchmark/data/Human5/img/0223.jpg,325,413,15,42
/home/public/tracker_benchmark_v1.0/benchmarks/tracker_benchmark/data/Human5/img/0224.jpg,325,413,15,42
/home/public/tracker_benchmark_v1.0/benchmarks/tracker_benchmark/data/Human5/img/0225.jpg,325,413,15,42
/home/public/tracker_benchmark_v1.0/benchmarks/tracker_benchmark/data/Human5/img/0226.jpg,325,413,15,42
/home/public/tracker_benchmark_v1.0/benchmarks/tracker_benchmark/data/Human5/img/0227.jpg,325,413,15,42
/home/public/tracker_benchmark_v1.0/benchmarks/tracker_benchmark/data/Human5/img/0228.jpg,325,413,15,42
/home/public/tracker_benchmark_v1.0/benchmarks/tracker_benchmark/data/Human5/img/0229.jpg,325,413,15,42
/home/public/tracker_benchmark_v1.0/benchmarks/tracker_benchmark/data/Human5/img/0230.jpg,325,413,15,42
/home/public/tracker_benchmark_v1.0/benchmarks/tracker_benchmark/data/Human5/img/0231.jpg,325,413,15,42
/home/public/tracker_benchmark_v1.0/benchmarks/tracker_benchmark/data/Human5/img/0232.jpg,325,413,15,42
/home/public/tracker_benchmark_v1.0/benchmarks/tracker_benchmark/data/Human5/img/0233.jpg,325,413,15,42
/home/public/tracker_benchmark_v1.0/benchmarks/tracker_benchmark/data/Human5/img/0234.jpg,325,413,15,42
/home/public/tracker_benchmark_v1.0/benchmarks/tracker_benchmark/data/Human5/img/0235.jpg,325,413,15,42
/home/public/tracker_benchmark_v1.0/benchmarks/tracker_benchmark/data/Human5/img/0236.jpg,325,413,15,42
/home/public/tracker_benchmark_v1.0/benchmarks/tracker_benchmark/data/Human5/img/0237.jpg,325,413,15,42
/home/public/tracker_benchmark_v1.0/benchmarks/tracker_benchmark/data/Human5/img/0238.jpg,325,413,15,42
/home/public/tracker_benchmark_v1.0/benchmarks/tracker_benchmark/data/Human5/img/0239.jpg,325,413,15,42
/home/public/tracker_benchmark_v1.0/benchmarks/tracker_benchmark/data/Human5/img/0240.jpg,325,413,15,42
/home/public/tracker_benchmark_v1.0/benchmarks/tracker_benchmark/data/Human5/img/0241.jpg,325,413,15,42
/home/public/tracker_benchmark_v1.0/benchmarks/tracker_benchmark/data/Human5/img/0242.jpg,325,413,15,42
/home/public/tracker_benchmark_v1.0/benchmarks/tracker_benchmark/data/Human5/img/0243.jpg,325,413,15,42
/home/public/tracker_benchmark_v1.0/benchmarks/tracker_benchmark/data/Human5/img/0244.jpg,325,413,15,42
/home/public/tracker_benchmark_v1.0/benchmarks/tracker_benchmark/data/Human5/img/0245.jpg,325,413,15,42
/home/public/tracker_benchmark_v1.0/benchmarks/tracker_benchmark/data/Human5/img/0246.jpg,325,413,15,42
/home/public/tracker_benchmark_v1.0/benchmarks/tracker_benchmark/data/Human5/img/0247.jpg,325,413,15,42
/home/public/tracker_benchmark_v1.0/benchmarks/tracker_benchmark/data/Human5/img/0248.jpg,325,413,15,42
/home/public/tracker_benchmark_v1.0/benchmarks/tracker_benchmark/data/Human5/img/0249.jpg,325,413,15,42
/home/public/tracker_benchmark_v1.0/benchmarks/tracker_benchmark/data/Human5/img/0250.jpg,325,413,15,42
/home/public/tracker_benchmark_v1.0/benchmarks/tracker_benchmark/data/Human5/img/0251.jpg,325,413,15,42
/home/public/tracker_benchmark_v1.0/benchmarks/tracker_benchmark/data/Human5/img/0252.jpg,325,413,15,42
/home/public/tracker_benchmark_v1.0/benchmarks/tracker_benchmark/data/Human5/img/0253.jpg,325,413,15,42
/home/public/tracker_benchmark_v1.0/benchmarks/tracker_benchmark/data/Human5/img/0254.jpg,325,413,15,42
/home/public/tracker_benchmark_v1.0/benchmarks/tracker_benchmark/data/Human5/img/0255.jpg,325,413,15,42
/home/public/tracker_benchmark_v1.0/benchmarks/tracker_benchmark/data/Human5/img/0256.jpg,325,413,15,42
/home/public/tracker_benchmark_v1.0/benchmarks/tracker_benchmark/data/Human5/img/0257.jpg,325,413,15,42
/home/public/tracker_benchmark_v1.0/benchmarks/tracker_benchmark/data/Human5/img/0258.jpg,325,413,15,42
/home/public/tracker_benchmark_v1.0/benchmarks/tracker_benchmark/data/Human5/img/0259.jpg,325,413,15,42
/home/public/tracker_benchmark_v1.0/benchmarks/tracker_benchmark/data/Human5/img/0260.jpg,325,413,15,42
/home/public/tracker_benchmark_v1.0/benchmarks/tracker_benchmark/data/Human5/img/0261.jpg,325,413,15,42
/home/public/tracker_benchmark_v1.0/benchmarks/tracker_benchmark/data/Human5/img/0262.jpg,325,413,15,42
/home/public/tracker_benchmark_v1.0/benchmarks/tracker_benchmark/data/Human5/img/0263.jpg,325,413,15,42
/home/public/tracker_benchmark_v1.0/benchmarks/tracker_benchmark/data/Human5/img/0264.jpg,325,413,15,42
/home/public/tracker_benchmark_v1.0/benchmarks/tracker_benchmark/data/Human5/img/0265.jpg,325,413,15,42
/home/public/tracker_benchmark_v1.0/benchmarks/tracker_benchmark/data/Human5/img/0266.jpg,325,413,15,42
/home/public/tracker_benchmark_v1.0/benchmarks/tracker_benchmark/data/Human5/img/0267.jpg,325,413,15,42
/home/public/tracker_benchmark_v1.0/benchmarks/tracker_benchmark/data/Human5/img/0268.jpg,325,413,15,42
/home/public/tracker_benchmark_v1.0/benchmarks/tracker_benchmark/data/Human5/img/0269.jpg,325,413,15,42
/home/public/tracker_benchmark_v1.0/benchmarks/tracker_benchmark/data/Human5/img/0270.jpg,325,413,15,42
/home/public/tracker_benchmark_v1.0/benchmarks/tracker_benchmark/data/Human5/img/0271.jpg,325,413,15,42
/home/public/tracker_benchmark_v1.0/benchmarks/tracker_benchmark/data/Human5/img/0272.jpg,325,413,15,42
/home/public/tracker_benchmark_v1.0/benchmarks/tracker_benchmark/data/Human5/img/0273.jpg,325,413,15,42
/home/public/tracker_benchmark_v1.0/benchmarks/tracker_benchmark/data/Human5/img/0274.jpg,325,413,15,42
/home/public/tracker_benchmark_v1.0/benchmarks/tracker_benchmark/data/Human5/img/0275.jpg,325,413,15,42
/home/public/tracker_benchmark_v1.0/benchmarks/tracker_benchmark/data/Human5/img/0276.jpg,325,413,15,42
/home/public/tracker_benchmark_v1.0/benchmarks/tracker_benchmark/data/Human5/img/0277.jpg,325,413,15,42
/home/public/tracker_benchmark_v1.0/benchmarks/tracker_benchmark/data/Human5/img/0278.jpg,325,413,15,42
/home/public/tracker_benchmark_v1.0/benchmarks/tracker_benchmark/data/Human5/img/0279.jpg,325,413,15,42
/home/public/tracker_benchmark_v1.0/benchmarks/tracker_benchmark/data/Human5/img/0280.jpg,325,413,15,42
/home/public/tracker_benchmark_v1.0/benchmarks/tracker_benchmark/data/Human5/img/0281.jpg,325,413,15,42
/home/public/tracker_benchmark_v1.0/benchmarks/tracker_benchmark/data/Human5/img/0282.jpg,325,413,15,42
/home/public/tracker_benchmark_v1.0/benchmarks/tracker_benchmark/data/Human5/img/0283.jpg,325,413,15,42
/home/public/tracker_benchmark_v1.0/benchmarks/tracker_benchmark/data/Human5/img/0284.jpg,325,413,15,42
/home/public/tracker_benchmark_v1.0/benchmarks/tracker_benchmark/data/Human5/img/0285.jpg,325,413,15,42
/home/public/tracker_benchmark_v1.0/benchmarks/tracker_benchmark/data/Human5/img/0286.jpg,325,413,15,42
/home/public/tracker_benchmark_v1.0/benchmarks/tracker_benchmark/data/Human5/img/0287.jpg,325,413,15,42
/home/public/tracker_benchmark_v1.0/benchmarks/tracker_benchmark/data/Human5/img/0288.jpg,325,413,15,42
/home/public/tracker_benchmark_v1.0/benchmarks/tracker_benchmark/data/Human5/img/0289.jpg,325,413,15,42
/home/public/tracker_benchmark_v1.0/benchmarks/tracker_benchmark/data/Human5/img/0290.jpg,325,413,15,42
/home/public/tracker_benchmark_v1.0/benchmarks/tracker_benchmark/data/Human5/img/0291.jpg,325,413,15,42
/home/public/tracker_benchmark_v1.0/benchmarks/tracker_benchmark/data/Human5/img/0292.jpg,325,413,15,42
/home/public/tracker_benchmark_v1.0/benchmarks/tracker_benchmark/data/Human5/img/0293.jpg,325,413,15,42
/home/public/tracker_benchmark_v1.0/benchmarks/tracker_benchmark/data/Human5/img/0294.jpg,325,413,15,42
/home/public/tracker_benchmark_v1.0/benchmarks/tracker_benchmark/data/Human5/img/0295.jpg,325,413,15,42
/home/public/tracker_benchmark_v1.0/benchmarks/tracker_benchmark/data/Human5/img/0296.jpg,325,413,15,42
/home/public/tracker_benchmark_v1.0/benchmarks/tracker_benchmark/data/Human5/img/0297.jpg,325,413,15,42
/home/public/tracker_benchmark_v1.0/benchmarks/tracker_benchmark/data/Human5/img/0298.jpg,325,413,15,42
/home/public/tracker_benchmark_v1.0/benchmarks/tracker_benchmark/data/Human5/img/0299.jpg,325,413,15,42
/home/public/tracker_benchmark_v1.0/benchmarks/tracker_benchmark/data/Human5/img/0300.jpg,325,413,15,42
/home/public/tracker_benchmark_v1.0/benchmarks/tracker_benchmark/data/Human5/img/0301.jpg,325,413,15,42
/home/public/tracker_benchmark_v1.0/benchmarks/tracker_benchmark/data/Human5/img/0302.jpg,325,413,15,42
/home/public/tracker_benchmark_v1.0/benchmarks/tracker_benchmark/data/Human5/img/0303.jpg,325,413,15,42
/home/public/tracker_benchmark_v1.0/benchmarks/tracker_benchmark/data/Human5/img/0304.jpg,325,413,15,42
/home/public/tracker_benchmark_v1.0/benchmarks/tracker_benchmark/data/Human5/img/0305.jpg,325,413,15,42
/home/public/tracker_benchmark_v1.0/benchmarks/tracker_benchmark/data/Human5/img/0306.jpg,325,413,15,42
/home/public/tracker_benchmark_v1.0/benchmarks/tracker_benchmark/data/Human5/img/0307.jpg,325,413,15,42
/home/public/tracker_benchmark_v1.0/benchmarks/tracker_benchmark/data/Human5/img/0308.jpg,325,413,15,42
/home/public/tracker_benchmark_v1.0/benchmarks/tracker_benchmark/data/Human5/img/0309.jpg,325,413,15,42
/home/public/tracker_benchmark_v1.0/benchmarks/tracker_benchmark/data/Human5/img/0310.jpg,325,413,15,42
/home/public/tracker_benchmark_v1.0/benchmarks/tracker_benchmark/data/Human5/img/0311.jpg,325,413,15,42
/home/public/tracker_benchmark_v1.0/benchmarks/tracker_benchmark/data/Human5/img/0312.jpg,325,413,15,42
/home/public/tracker_benchmark_v1.0/benchmarks/tracker_benchmark/data/Human5/img/0313.jpg,325,413,15,42
/home/public/tracker_benchmark_v1.0/benchmarks/tracker_benchmark/data/Human5/img/0314.jpg,325,413,15,42
/home/public/tracker_benchmark_v1.0/benchmarks/tracker_benchmark/data/Human5/img/0315.jpg,325,413,15,42
/home/public/tracker_benchmark_v1.0/benchmarks/tracker_benchmark/data/Human5/img/0316.jpg,325,413,15,42
/home/public/tracker_benchmark_v1.0/benchmarks/tracker_benchmark/data/Human5/img/0317.jpg,325,413,15,42
/home/public/tracker_benchmark_v1.0/benchmarks/tracker_benchmark/data/Human5/img/0318.jpg,325,413,15,42
/home/public/tracker_benchmark_v1.0/benchmarks/tracker_benchmark/data/Human5/img/0319.jpg,325,413,15,42
/home/public/tracker_benchmark_v1.0/benchmarks/tracker_benchmark/data/Human5/img/0320.jpg,325,413,15,42
/home/public/tracker_benchmark_v1.0/benchmarks/tracker_benchmark/data/Human5/img/0321.jpg,325,413,15,42
/home/public/tracker_benchmark_v1.0/benchmarks/tracker_benchmark/data/Human5/img/0322.jpg,325,413,15,42
/home/public/tracker_benchmark_v1.0/benchmarks/tracker_benchmark/data/Human5/img/0323.jpg,325,413,15,42
/home/public/tracker_benchmark_v1.0/benchmarks/tracker_benchmark/data/Human5/img/0324.jpg,325,413,15,42
/home/public/tracker_benchmark_v1.0/benchmarks/tracker_benchmark/data/Human5/img/0325.jpg,325,413,15,42
/home/public/tracker_benchmark_v1.0/benchmarks/tracker_benchmark/data/Human5/img/0326.jpg,325,413,15,42
/home/public/tracker_benchmark_v1.0/benchmarks/tracker_benchmark/data/Human5/img/0327.jpg,325,413,15,42
/home/public/tracker_benchmark_v1.0/benchmarks/tracker_benchmark/data/Human5/img/0328.jpg,325,413,15,42
/home/public/tracker_benchmark_v1.0/benchmarks/tracker_benchmark/data/Human5/img/0329.jpg,325,413,15,42
/home/public/tracker_benchmark_v1.0/benchmarks/tracker_benchmark/data/Human5/img/0330.jpg,325,413,15,42
/home/public/tracker_benchmark_v1.0/benchmarks/tracker_benchmark/data/Human5/img/0331.jpg,325,413,15,42
/home/public/tracker_benchmark_v1.0/benchmarks/tracker_benchmark/data/Human5/img/0332.jpg,325,413,15,42
/home/public/tracker_benchmark_v1.0/benchmarks/tracker_benchmark/data/Human5/img/0333.jpg,325,413,15,42
/home/public/tracker_benchmark_v1.0/benchmarks/tracker_benchmark/data/Human5/img/0334.jpg,325,413,15,42
/home/public/tracker_benchmark_v1.0/benchmarks/tracker_benchmark/data/Human5/img/0335.jpg,325,413,15,42
/home/public/tracker_benchmark_v1.0/benchmarks/tracker_benchmark/data/Human5/img/0336.jpg,325,413,15,42
/home/public/tracker_benchmark_v1.0/benchmarks/tracker_benchmark/data/Human5/img/0337.jpg,325,413,15,42
/home/public/tracker_benchmark_v1.0/benchmarks/tracker_benchmark/data/Human5/img/0338.jpg,325,413,15,42
/home/public/tracker_benchmark_v1.0/benchmarks/tracker_benchmark/data/Human5/img/0339.jpg,325,413,15,42
/home/public/tracker_benchmark_v1.0/benchmarks/tracker_benchmark/data/Human5/img/0340.jpg,325,413,15,42
/home/public/tracker_benchmark_v1.0/benchmarks/tracker_benchmark/data/Human5/img/0341.jpg,325,413,15,42
/home/public/tracker_benchmark_v1.0/benchmarks/tracker_benchmark/data/Human5/img/0342.jpg,325,413,15,42
/home/public/tracker_benchmark_v1.0/benchmarks/tracker_benchmark/data/Human5/img/0343.jpg,325,413,15,42
/home/public/tracker_benchmark_v1.0/benchmarks/tracker_benchmark/data/Human5/img/0344.jpg,325,413,15,42
/home/public/tracker_benchmark_v1.0/benchmarks/tracker_benchmark/data/Human5/img/0345.jpg,325,413,15,42
/home/public/tracker_benchmark_v1.0/benchmarks/tracker_benchmark/data/Human5/img/0346.jpg,325,413,15,42
/home/public/tracker_benchmark_v1.0/benchmarks/tracker_benchmark/data/Human5/img/0347.jpg,325,413,15,42
/home/public/tracker_benchmark_v1.0/benchmarks/tracker_benchmark/data/Human5/img/0348.jpg,325,413,15,42
/home/public/tracker_benchmark_v1.0/benchmarks/tracker_benchmark/data/Human5/img/0349.jpg,325,413,15,42
/home/public/tracker_benchmark_v1.0/benchmarks/tracker_benchmark/data/Human5/img/0350.jpg,325,413,15,42
/home/public/tracker_benchmark_v1.0/benchmarks/tracker_benchmark/data/Human5/img/0351.jpg,325,413,15,42
/home/public/tracker_benchmark_v1.0/benchmarks/tracker_benchmark/data/Human5/img/0352.jpg,325,413,15,42
/home/public/tracker_benchmark_v1.0/benchmarks/tracker_benchmark/data/Human5/img/0353.jpg,325,413,15,42
/home/public/tracker_benchmark_v1.0/benchmarks/tracker_benchmark/data/Human5/img/0354.jpg,325,413,15,42
/home/public/tracker_benchmark_v1.0/benchmarks/tracker_benchmark/data/Human5/img/0355.jpg,325,413,15,42
/home/public/tracker_benchmark_v1.0/benchmarks/tracker_benchmark/data/Human5/img/0356.jpg,325,413,15,42
/home/public/tracker_benchmark_v1.0/benchmarks/tracker_benchmark/data/Human5/img/0357.jpg,325,413,15,42
/home/public/tracker_benchmark_v1.0/benchmarks/tracker_benchmark/data/Human5/img/0358.jpg,325,413,15,42
/home/public/tracker_benchmark_v1.0/benchmarks/tracker_benchmark/data/Human5/img/0359.jpg,325,413,15,42
/home/public/tracker_benchmark_v1.0/benchmarks/tracker_benchmark/data/Human5/img/0360.jpg,325,413,15,42
/home/public/tracker_benchmark_v1.0/benchmarks/tracker_benchmark/data/Human5/img/0361.jpg,325,413,15,42
/home/public/tracker_benchmark_v1.0/benchmarks/tracker_benchmark/data/Human5/img/0362.jpg,325,413,15,42
/home/public/tracker_benchmark_v1.0/benchmarks/tracker_benchmark/data/Human5/img/0363.jpg,325,413,15,42
/home/public/tracker_benchmark_v1.0/benchmarks/tracker_benchmark/data/Human5/img/0364.jpg,325,413,15,42
/home/public/tracker_benchmark_v1.0/benchmarks/tracker_benchmark/data/Human5/img/0365.jpg,325,413,15,42
/home/public/tracker_benchmark_v1.0/benchmarks/tracker_benchmark/data/Human5/img/0366.jpg,325,413,15,42
/home/public/tracker_benchmark_v1.0/benchmarks/tracker_benchmark/data/Human5/img/0367.jpg,325,413,15,42
/home/public/tracker_benchmark_v1.0/benchmarks/tracker_benchmark/data/Human5/img/0368.jpg,325,413,15,42
/home/public/tracker_benchmark_v1.0/benchmarks/tracker_benchmark/data/Human5/img/0369.jpg,325,413,15,42
/home/public/tracker_benchmark_v1.0/benchmarks/tracker_benchmark/data/Human5/img/0370.jpg,325,413,15,42
/home/public/tracker_benchmark_v1.0/benchmarks/tracker_benchmark/data/Human5/img/0371.jpg,325,413,15,42
/home/public/tracker_benchmark_v1.0/benchmarks/tracker_benchmark/data/Human5/img/0372.jpg,325,413,15,42
/home/public/tracker_benchmark_v1.0/benchmarks/tracker_benchmark/data/Human5/img/0373.jpg,325,413,15,42
/home/public/tracker_benchmark_v1.0/benchmarks/tracker_benchmark/data/Human5/img/0374.jpg,325,413,15,42
/home/public/tracker_benchmark_v1.0/benchmarks/tracker_benchmark/data/Human5/img/0375.jpg,325,413,15,42
/home/public/tracker_benchmark_v1.0/benchmarks/tracker_benchmark/data/Human5/img/0376.jpg,325,413,15,42
/home/public/tracker_benchmark_v1.0/benchmarks/tracker_benchmark/data/Human5/img/0377.jpg,325,413,15,42
/home/public/tracker_benchmark_v1.0/benchmarks/tracker_benchmark/data/Human5/img/0378.jpg,325,413,15,42
/home/public/tracker_benchmark_v1.0/benchmarks/tracker_benchmark/data/Human5/img/0379.jpg,325,413,15,42
/home/public/tracker_benchmark_v1.0/benchmarks/tracker_benchmark/data/Human5/img/0380.jpg,325,413,15,42
/home/public/tracker_benchmark_v1.0/benchmarks/tracker_benchmark/data/Human5/img/0381.jpg,325,413,15,42
/home/public/tracker_benchmark_v1.0/benchmarks/tracker_benchmark/data/Human5/img/0382.jpg,325,413,15,42
/home/public/tracker_benchmark_v1.0/benchmarks/tracker_benchmark/data/Human5/img/0383.jpg,325,413,15,42
/home/public/tracker_benchmark_v1.0/benchmarks/tracker_benchmark/data/Human5/img/0384.jpg,325,413,15,42
/home/public/tracker_benchmark_v1.0/benchmarks/tracker_benchmark/data/Human5/img/0385.jpg,325,413,15,42
/home/public/tracker_benchmark_v1.0/benchmarks/tracker_benchmark/data/Human5/img/0386.jpg,325,413,15,42
/home/public/tracker_benchmark_v1.0/benchmarks/tracker_benchmark/data/Human5/img/0387.jpg,325,413,15,42
/home/public/tracker_benchmark_v1.0/benchmarks/tracker_benchmark/data/Human5/img/0388.jpg,325,413,15,42
/home/public/tracker_benchmark_v1.0/benchmarks/tracker_benchmark/data/Human5/img/0389.jpg,325,413,15,42
/home/public/tracker_benchmark_v1.0/benchmarks/tracker_benchmark/data/Human5/img/0390.jpg,325,413,15,42
/home/public/tracker_benchmark_v1.0/benchmarks/tracker_benchmark/data/Human5/img/0391.jpg,325,413,15,42
/home/public/tracker_benchmark_v1.0/benchmarks/tracker_benchmark/data/Human5/img/0392.jpg,325,413,15,42
/home/public/tracker_benchmark_v1.0/benchmarks/tracker_benchmark/data/Human5/img/0393.jpg,325,413,15,42
/home/public/tracker_benchmark_v1.0/benchmarks/tracker_benchmark/data/Human5/img/0394.jpg,325,413,15,42
/home/public/tracker_benchmark_v1.0/benchmarks/tracker_benchmark/data/Human5/img/0395.jpg,325,413,15,42
/home/public/tracker_benchmark_v1.0/benchmarks/tracker_benchmark/data/Human5/img/0396.jpg,325,413,15,42
/home/public/tracker_benchmark_v1.0/benchmarks/tracker_benchmark/data/Human5/img/0397.jpg,325,413,15,42
/home/public/tracker_benchmark_v1.0/benchmarks/tracker_benchmark/data/Human5/img/0398.jpg,325,413,15,42
/home/public/tracker_benchmark_v1.0/benchmarks/tracker_benchmark/data/Human5/img/0399.jpg,325,413,15,42
/home/public/tracker_benchmark_v1.0/benchmarks/tracker_benchmark/data/Human5/img/0400.jpg,325,413,15,42
/home/public/tracker_benchmark_v1.0/benchmarks/tracker_benchmark/data/Human5/img/0401.jpg,325,413,15,42
/home/public/tracker_benchmark_v1.0/benchmarks/tracker_benchmark/data/Human5/img/0402.jpg,325,413,15,42
/home/public/tracker_benchmark_v1.0/benchmarks/tracker_benchmark/data/Human5/img/0403.jpg,325,413,15,42
/home/public/tracker_benchmark_v1.0/benchmarks/tracker_benchmark/data/Human5/img/0404.jpg,325,413,15,42
/home/public/tracker_benchmark_v1.0/benchmarks/tracker_benchmark/data/Human5/img/0405.jpg,325,413,15,42
/home/public/tracker_benchmark_v1.0/benchmarks/tracker_benchmark/data/Human5/img/0406.jpg,325,413,15,42
/home/public/tracker_benchmark_v1.0/benchmarks/tracker_benchmark/data/Human5/img/0407.jpg,325,413,15,42
/home/public/tracker_benchmark_v1.0/benchmarks/tracker_benchmark/data/Human5/img/0408.jpg,325,413,15,42
/home/public/tracker_benchmark_v1.0/benchmarks/tracker_benchmark/data/Human5/img/0409.jpg,325,413,15,42
/home/public/tracker_benchmark_v1.0/benchmarks/tracker_benchmark/data/Human5/img/0410.jpg,325,413,15,42
/home/public/tracker_benchmark_v1.0/benchmarks/tracker_benchmark/data/Human5/img/0411.jpg,325,413,15,42
/home/public/tracker_benchmark_v1.0/benchmarks/tracker_benchmark/data/Human5/img/0412.jpg,325,413,15,42
/home/public/tracker_benchmark_v1.0/benchmarks/tracker_benchmark/data/Human5/img/0413.jpg,325,413,15,42
/home/public/tracker_benchmark_v1.0/benchmarks/tracker_benchmark/data/Human5/img/0414.jpg,325,413,15,42
/home/public/tracker_benchmark_v1.0/benchmarks/tracker_benchmark/data/Human5/img/0415.jpg,325,413,15,42
/home/public/tracker_benchmark_v1.0/benchmarks/tracker_benchmark/data/Human5/img/0416.jpg,325,413,15,42
/home/public/tracker_benchmark_v1.0/benchmarks/tracker_benchmark/data/Human5/img/0417.jpg,325,413,15,42
/home/public/tracker_benchmark_v1.0/benchmarks/tracker_benchmark/data/Human5/img/0418.jpg,325,413,15,42
/home/public/tracker_benchmark_v1.0/benchmarks/tracker_benchmark/data/Human5/img/0419.jpg,325,413,15,42
/home/public/tracker_benchmark_v1.0/benchmarks/tracker_benchmark/data/Human5/img/0420.jpg,325,413,15,42
/home/public/tracker_benchmark_v1.0/benchmarks/tracker_benchmark/data/Human5/img/0421.jpg,325,413,15,42
/home/public/tracker_benchmark_v1.0/benchmarks/tracker_benchmark/data/Human5/img/0422.jpg,325,413,15,42
/home/public/tracker_benchmark_v1.0/benchmarks/tracker_benchmark/data/Human5/img/0423.jpg,325,413,15,42
/home/public/tracker_benchmark_v1.0/benchmarks/tracker_benchmark/data/Human5/img/0424.jpg,325,413,15,42
/home/public/tracker_benchmark_v1.0/benchmarks/tracker_benchmark/data/Human5/img/0425.jpg,325,413,15,42
/home/public/tracker_benchmark_v1.0/benchmarks/tracker_benchmark/data/Human5/img/0426.jpg,325,413,15,42
/home/public/tracker_benchmark_v1.0/benchmarks/tracker_benchmark/data/Human5/img/0427.jpg,325,413,15,42
/home/public/tracker_benchmark_v1.0/benchmarks/tracker_benchmark/data/Human5/img/0428.jpg,325,413,15,42
/home/public/tracker_benchmark_v1.0/benchmarks/tracker_benchmark/data/Human5/img/0429.jpg,325,413,15,42
/home/public/tracker_benchmark_v1.0/benchmarks/tracker_benchmark/data/Human5/img/0430.jpg,325,413,15,42
/home/public/tracker_benchmark_v1.0/benchmarks/tracker_benchmark/data/Human5/img/0431.jpg,325,413,15,42
/home/public/tracker_benchmark_v1.0/benchmarks/tracker_benchmark/data/Human5/img/0432.jpg,325,413,15,42
/home/public/tracker_benchmark_v1.0/benchmarks/tracker_benchmark/data/Human5/img/0433.jpg,325,413,15,42
/home/public/tracker_benchmark_v1.0/benchmarks/tracker_benchmark/data/Human5/img/0434.jpg,325,413,15,42
/home/public/tracker_benchmark_v1.0/benchmarks/tracker_benchmark/data/Human5/img/0435.jpg,325,413,15,42
/home/public/tracker_benchmark_v1.0/benchmarks/tracker_benchmark/data/Human5/img/0436.jpg,325,413,15,42
/home/public/tracker_benchmark_v1.0/benchmarks/tracker_benchmark/data/Human5/img/0437.jpg,325,413,15,42
/home/public/tracker_benchmark_v1.0/benchmarks/tracker_benchmark/data/Human5/img/0438.jpg,325,413,15,42
/home/public/tracker_benchmark_v1.0/benchmarks/tracker_benchmark/data/Human5/img/0439.jpg,325,413,15,42
/home/public/tracker_benchmark_v1.0/benchmarks/tracker_benchmark/data/Human5/img/0440.jpg,325,413,15,42
/home/public/tracker_benchmark_v1.0/benchmarks/tracker_benchmark/data/Human5/img/0441.jpg,325,413,15,42
/home/public/tracker_benchmark_v1.0/benchmarks/tracker_benchmark/data/Human5/img/0442.jpg,325,413,15,42
/home/public/tracker_benchmark_v1.0/benchmarks/tracker_benchmark/data/Human5/img/0443.jpg,325,413,15,42
/home/public/tracker_benchmark_v1.0/benchmarks/tracker_benchmark/data/Human5/img/0444.jpg,325,413,15,42
/home/public/tracker_benchmark_v1.0/benchmarks/tracker_benchmark/data/Human5/img/0445.jpg,325,413,15,42
/home/public/tracker_benchmark_v1.0/benchmarks/tracker_benchmark/data/Human5/img/0446.jpg,325,413,15,42
/home/public/tracker_benchmark_v1.0/benchmarks/tracker_benchmark/data/Human5/img/0447.jpg,325,413,15,42
/home/public/tracker_benchmark_v1.0/benchmarks/tracker_benchmark/data/Human5/img/0448.jpg,325,413,15,42
/home/public/tracker_benchmark_v1.0/benchmarks/tracker_benchmark/data/Human5/img/0449.jpg,325,413,15,42
/home/public/tracker_benchmark_v1.0/benchmarks/tracker_benchmark/data/Human5/img/0450.jpg,325,413,15,42
/home/public/tracker_benchmark_v1.0/benchmarks/tracker_benchmark/data/Human5/img/0451.jpg,325,413,15,42
/home/public/tracker_benchmark_v1.0/benchmarks/tracker_benchmark/data/Human5/img/0452.jpg,325,413,15,42
/home/public/tracker_benchmark_v1.0/benchmarks/tracker_benchmark/data/Human5/img/0453.jpg,325,413,15,42
/home/public/tracker_benchmark_v1.0/benchmarks/tracker_benchmark/data/Human5/img/0454.jpg,325,413,15,42
/home/public/tracker_benchmark_v1.0/benchmarks/tracker_benchmark/data/Human5/img/0455.jpg,325,413,15,42
/home/public/tracker_benchmark_v1.0/benchmarks/tracker_benchmark/data/Human5/img/0456.jpg,325,413,15,42
/home/public/tracker_benchmark_v1.0/benchmarks/tracker_benchmark/data/Human5/img/0457.jpg,325,413,15,42
/home/public/tracker_benchmark_v1.0/benchmarks/tracker_benchmark/data/Human5/img/0458.jpg,325,413,15,42
/home/public/tracker_benchmark_v1.0/benchmarks/tracker_benchmark/data/Human5/img/0459.jpg,325,413,15,42
/home/public/tracker_benchmark_v1.0/benchmarks/tracker_benchmark/data/Human5/img/0460.jpg,325,413,15,42
/home/public/tracker_benchmark_v1.0/benchmarks/tracker_benchmark/data/Human5/img/0461.jpg,325,413,15,42
/home/public/tracker_benchmark_v1.0/benchmarks/tracker_benchmark/data/Human5/img/0462.jpg,325,413,15,42
/home/public/tracker_benchmark_v1.0/benchmarks/tracker_benchmark/data/Human5/img/0463.jpg,325,413,15,42
/home/public/tracker_benchmark_v1.0/benchmarks/tracker_benchmark/data/Human5/img/0464.jpg,325,413,15,42
/home/public/tracker_benchmark_v1.0/benchmarks/tracker_benchmark/data/Human5/img/0465.jpg,325,413,15,42
/home/public/tracker_benchmark_v1.0/benchmarks/tracker_benchmark/data/Human5/img/0466.jpg,325,413,15,42
/home/public/tracker_benchmark_v1.0/benchmarks/tracker_benchmark/data/Human5/img/0467.jpg,325,413,15,42
/home/public/tracker_benchmark_v1.0/benchmarks/tracker_benchmark/data/Human5/img/0468.jpg,325,413,15,42
/home/public/tracker_benchmark_v1.0/benchmarks/tracker_benchmark/data/Human5/img/0469.jpg,325,413,15,42
/home/public/tracker_benchmark_v1.0/benchmarks/tracker_benchmark/data/Human5/img/0470.jpg,325,413,15,42
/home/public/tracker_benchmark_v1.0/benchmarks/tracker_benchmark/data/Human5/img/0471.jpg,325,413,15,42
/home/public/tracker_benchmark_v1.0/benchmarks/tracker_benchmark/data/Human5/img/0472.jpg,325,413,15,42
/home/public/tracker_benchmark_v1.0/benchmarks/tracker_benchmark/data/Human5/img/0473.jpg,325,413,15,42
/home/public/tracker_benchmark_v1.0/benchmarks/tracker_benchmark/data/Human5/img/0474.jpg,325,413,15,42
/home/public/tracker_benchmark_v1.0/benchmarks/tracker_benchmark/data/Human5/img/0475.jpg,325,413,15,42
/home/public/tracker_benchmark_v1.0/benchmarks/tracker_benchmark/data/Human5/img/0476.jpg,325,413,15,42
/home/public/tracker_benchmark_v1.0/benchmarks/tracker_benchmark/data/Human5/img/0477.jpg,325,413,15,42
/home/public/tracker_benchmark_v1.0/benchmarks/tracker_benchmark/data/Human5/img/0478.jpg,325,413,15,42
/home/public/tracker_benchmark_v1.0/benchmarks/tracker_benchmark/data/Human5/img/0479.jpg,325,413,15,42
/home/public/tracker_benchmark_v1.0/benchmarks/tracker_benchmark/data/Human5/img/0480.jpg,325,413,15,42
/home/public/tracker_benchmark_v1.0/benchmarks/tracker_benchmark/data/Human5/img/0481.jpg,325,413,15,42
/home/public/tracker_benchmark_v1.0/benchmarks/tracker_benchmark/data/Human5/img/0482.jpg,325,413,15,42
/home/public/tracker_benchmark_v1.0/benchmarks/tracker_benchmark/data/Human5/img/0483.jpg,325,413,15,42
/home/public/tracker_benchmark_v1.0/benchmarks/tracker_benchmark/data/Human5/img/0484.jpg,325,413,15,42
/home/public/tracker_benchmark_v1.0/benchmarks/tracker_benchmark/data/Human5/img/0485.jpg,325,413,15,42
/home/public/tracker_benchmark_v1.0/benchmarks/tracker_benchmark/data/Human5/img/0486.jpg,325,413,15,42
/home/public/tracker_benchmark_v1.0/benchmarks/tracker_benchmark/data/Human5/img/0487.jpg,325,413,15,42
/home/public/tracker_benchmark_v1.0/benchmarks/tracker_benchmark/data/Human5/img/0488.jpg,325,413,15,42
/home/public/tracker_benchmark_v1.0/benchmarks/tracker_benchmark/data/Human5/img/0489.jpg,325,413,15,42
/home/public/tracker_benchmark_v1.0/benchmarks/tracker_benchmark/data/Human5/img/0490.jpg,325,413,15,42
/home/public/tracker_benchmark_v1.0/benchmarks/tracker_benchmark/data/Human5/img/0491.jpg,325,413,15,42
/home/public/tracker_benchmark_v1.0/benchmarks/tracker_benchmark/data/Human5/img/0492.jpg,325,413,15,42
/home/public/tracker_benchmark_v1.0/benchmarks/tracker_benchmark/data/Human5/img/0493.jpg,325,413,15,42
/home/public/tracker_benchmark_v1.0/benchmarks/tracker_benchmark/data/Human5/img/0494.jpg,325,413,15,42
/home/public/tracker_benchmark_v1.0/benchmarks/tracker_benchmark/data/Human5/img/0495.jpg,325,413,15,42
/home/public/tracker_benchmark_v1.0/benchmarks/tracker_benchmark/data/Human5/img/0496.jpg,325,413,15,42
/home/public/tracker_benchmark_v1.0/benchmarks/tracker_benchmark/data/Human5/img/0497.jpg,325,413,15,42
/home/public/tracker_benchmark_v1.0/benchmarks/tracker_benchmark/data/Human5/img/0498.jpg,325,413,15,42
/home/public/tracker_benchmark_v1.0/benchmarks/tracker_benchmark/data/Human5/img/0499.jpg,325,413,15,42
/home/public/tracker_benchmark_v1.0/benchmarks/tracker_benchmark/data/Human5/img/0500.jpg,325,413,15,42
/home/public/tracker_benchmark_v1.0/benchmarks/tracker_benchmark/data/Human5/img/0501.jpg,325,413,15,42
/home/public/tracker_benchmark_v1.0/benchmarks/tracker_benchmark/data/Human5/img/0502.jpg,325,413,15,42
/home/public/tracker_benchmark_v1.0/benchmarks/tracker_benchmark/data/Human5/img/0503.jpg,325,413,15,42
/home/public/tracker_benchmark_v1.0/benchmarks/tracker_benchmark/data/Human5/img/0504.jpg,325,413,15,42
/home/public/tracker_benchmark_v1.0/benchmarks/tracker_benchmark/data/Human5/img/0505.jpg,325,413,15,42
/home/public/tracker_benchmark_v1.0/benchmarks/tracker_benchmark/data/Human5/img/0506.jpg,325,413,15,42
/home/public/tracker_benchmark_v1.0/benchmarks/tracker_benchmark/data/Human5/img/0507.jpg,325,413,15,42
/home/public/tracker_benchmark_v1.0/benchmarks/tracker_benchmark/data/Human5/img/0508.jpg,325,413,15,42
/home/public/tracker_benchmark_v1.0/benchmarks/tracker_benchmark/data/Human5/img/0509.jpg,325,413,15,42
/home/public/tracker_benchmark_v1.0/benchmarks/tracker_benchmark/data/Human5/img/0510.jpg,325,413,15,42
/home/public/tracker_benchmark_v1.0/benchmarks/tracker_benchmark/data/Human5/img/0511.jpg,325,413,15,42
/home/public/tracker_benchmark_v1.0/benchmarks/tracker_benchmark/data/Human5/img/0512.jpg,325,413,15,42
/home/public/tracker_benchmark_v1.0/benchmarks/tracker_benchmark/data/Human5/img/0513.jpg,325,413,15,42
/home/public/tracker_benchmark_v1.0/benchmarks/tracker_benchmark/data/Human5/img/0514.jpg,325,413,15,42
/home/public/tracker_benchmark_v1.0/benchmarks/tracker_benchmark/data/Human5/img/0515.jpg,325,413,15,42
/home/public/tracker_benchmark_v1.0/benchmarks/tracker_benchmark/data/Human5/img/0516.jpg,325,413,15,42
/home/public/tracker_benchmark_v1.0/benchmarks/tracker_benchmark/data/Human5/img/0517.jpg,325,413,15,42
/home/public/tracker_benchmark_v1.0/benchmarks/tracker_benchmark/data/Human5/img/0518.jpg,325,413,15,42
/home/public/tracker_benchmark_v1.0/benchmarks/tracker_benchmark/data/Human5/img/0519.jpg,325,413,15,42
/home/public/tracker_benchmark_v1.0/benchmarks/tracker_benchmark/data/Human5/img/0520.jpg,325,413,15,42
/home/public/tracker_benchmark_v1.0/benchmarks/tracker_benchmark/data/Human5/img/0521.jpg,325,413,15,42
/home/public/tracker_benchmark_v1.0/benchmarks/tracker_benchmark/data/Human5/img/0522.jpg,325,413,15,42
/home/public/tracker_benchmark_v1.0/benchmarks/tracker_benchmark/data/Human5/img/0523.jpg,325,413,15,42
/home/public/tracker_benchmark_v1.0/benchmarks/tracker_benchmark/data/Human5/img/0524.jpg,325,413,15,42
/home/public/tracker_benchmark_v1.0/benchmarks/tracker_benchmark/data/Human5/img/0525.jpg,325,413,15,42
/home/public/tracker_benchmark_v1.0/benchmarks/tracker_benchmark/data/Human5/img/0526.jpg,325,413,15,42
/home/public/tracker_benchmark_v1.0/benchmarks/tracker_benchmark/data/Human5/img/0527.jpg,325,413,15,42
/home/public/tracker_benchmark_v1.0/benchmarks/tracker_benchmark/data/Human5/img/0528.jpg,325,413,15,42
/home/public/tracker_benchmark_v1.0/benchmarks/tracker_benchmark/data/Human5/img/0529.jpg,325,413,15,42
/home/public/tracker_benchmark_v1.0/benchmarks/tracker_benchmark/data/Human5/img/0530.jpg,325,413,15,42
/home/public/tracker_benchmark_v1.0/benchmarks/tracker_benchmark/data/Human5/img/0531.jpg,325,413,15,42
/home/public/tracker_benchmark_v1.0/benchmarks/tracker_benchmark/data/Human5/img/0532.jpg,325,413,15,42
/home/public/tracker_benchmark_v1.0/benchmarks/tracker_benchmark/data/Human5/img/0533.jpg,325,413,15,42
/home/public/tracker_benchmark_v1.0/benchmarks/tracker_benchmark/data/Human5/img/0534.jpg,325,413,15,42
/home/public/tracker_benchmark_v1.0/benchmarks/tracker_benchmark/data/Human5/img/0535.jpg,325,413,15,42
/home/public/tracker_benchmark_v1.0/benchmarks/tracker_benchmark/data/Human5/img/0536.jpg,325,413,15,42
/home/public/tracker_benchmark_v1.0/benchmarks/tracker_benchmark/data/Human5/img/0537.jpg,325,413,15,42
/home/public/tracker_benchmark_v1.0/benchmarks/tracker_benchmark/data/Human5/img/0538.jpg,325,413,15,42
/home/public/tracker_benchmark_v1.0/benchmarks/tracker_benchmark/data/Human5/img/0539.jpg,325,413,15,42
/home/public/tracker_benchmark_v1.0/benchmarks/tracker_benchmark/data/Human5/img/0540.jpg,325,413,15,42
/home/public/tracker_benchmark_v1.0/benchmarks/tracker_benchmark/data/Human5/img/0541.jpg,325,413,15,42
/home/public/tracker_benchmark_v1.0/benchmarks/tracker_benchmark/data/Human5/img/0542.jpg,325,413,15,42
/home/public/tracker_benchmark_v1.0/benchmarks/tracker_benchmark/data/Human5/img/0543.jpg,325,413,15,42
/home/public/tracker_benchmark_v1.0/benchmarks/tracker_benchmark/data/Human5/img/0544.jpg,325,413,15,42
/home/public/tracker_benchmark_v1.0/benchmarks/tracker_benchmark/data/Human5/img/0545.jpg,325,413,15,42
/home/public/tracker_benchmark_v1.0/benchmarks/tracker_benchmark/data/Human5/img/0546.jpg,325,413,15,42
/home/public/tracker_benchmark_v1.0/benchmarks/tracker_benchmark/data/Human5/img/0547.jpg,325,413,15,42
/home/public/tracker_benchmark_v1.0/benchmarks/tracker_benchmark/data/Human5/img/0548.jpg,325,413,15,42
/home/public/tracker_benchmark_v1.0/benchmarks/tracker_benchmark/data/Human5/img/0549.jpg,325,413,15,42
/home/public/tracker_benchmark_v1.0/benchmarks/tracker_benchmark/data/Human5/img/0550.jpg,325,413,15,42
/home/public/tracker_benchmark_v1.0/benchmarks/tracker_benchmark/data/Human5/img/0551.jpg,325,413,15,42
/home/public/tracker_benchmark_v1.0/benchmarks/tracker_benchmark/data/Human5/img/0552.jpg,325,413,15,42
/home/public/tracker_benchmark_v1.0/benchmarks/tracker_benchmark/data/Human5/img/0553.jpg,325,413,15,42
/home/public/tracker_benchmark_v1.0/benchmarks/tracker_benchmark/data/Human5/img/0554.jpg,325,413,15,42
/home/public/tracker_benchmark_v1.0/benchmarks/tracker_benchmark/data/Human5/img/0555.jpg,325,413,15,42
/home/public/tracker_benchmark_v1.0/benchmarks/tracker_benchmark/data/Human5/img/0556.jpg,325,413,15,42
/home/public/tracker_benchmark_v1.0/benchmarks/tracker_benchmark/data/Human5/img/0557.jpg,325,413,15,42
/home/public/tracker_benchmark_v1.0/benchmarks/tracker_benchmark/data/Human5/img/0558.jpg,325,413,15,42
/home/public/tracker_benchmark_v1.0/benchmarks/tracker_benchmark/data/Human5/img/0559.jpg,325,413,15,42
/home/public/tracker_benchmark_v1.0/benchmarks/tracker_benchmark/data/Human5/img/0560.jpg,325,413,15,42
/home/public/tracker_benchmark_v1.0/benchmarks/tracker_benchmark/data/Human5/img/0561.jpg,325,413,15,42
/home/public/tracker_benchmark_v1.0/benchmarks/tracker_benchmark/data/Human5/img/0562.jpg,325,413,15,42
/home/public/tracker_benchmark_v1.0/benchmarks/tracker_benchmark/data/Human5/img/0563.jpg,325,413,15,42
/home/public/tracker_benchmark_v1.0/benchmarks/tracker_benchmark/data/Human5/img/0564.jpg,325,413,15,42
/home/public/tracker_benchmark_v1.0/benchmarks/tracker_benchmark/data/Human5/img/0565.jpg,325,413,15,42
/home/public/tracker_benchmark_v1.0/benchmarks/tracker_benchmark/data/Human5/img/0566.jpg,325,413,15,42
/home/public/tracker_benchmark_v1.0/benchmarks/tracker_benchmark/data/Human5/img/0567.jpg,325,413,15,42
/home/public/tracker_benchmark_v1.0/benchmarks/tracker_benchmark/data/Human5/img/0568.jpg,325,413,15,42
/home/public/tracker_benchmark_v1.0/benchmarks/tracker_benchmark/data/Human5/img/0569.jpg,325,413,15,42
/home/public/tracker_benchmark_v1.0/benchmarks/tracker_benchmark/data/Human5/img/0570.jpg,325,413,15,42
/home/public/tracker_benchmark_v1.0/benchmarks/tracker_benchmark/data/Human5/img/0571.jpg,325,413,15,42
/home/public/tracker_benchmark_v1.0/benchmarks/tracker_benchmark/data/Human5/img/0572.jpg,325,413,15,42
/home/public/tracker_benchmark_v1.0/benchmarks/tracker_benchmark/data/Human5/img/0573.jpg,325,413,15,42
/home/public/tracker_benchmark_v1.0/benchmarks/tracker_benchmark/data/Human5/img/0574.jpg,325,413,15,42
/home/public/tracker_benchmark_v1.0/benchmarks/tracker_benchmark/data/Human5/img/0575.jpg,325,413,15,42
/home/public/tracker_benchmark_v1.0/benchmarks/tracker_benchmark/data/Human5/img/0576.jpg,325,413,15,42
/home/public/tracker_benchmark_v1.0/benchmarks/tracker_benchmark/data/Human5/img/0577.jpg,325,413,15,42
/home/public/tracker_benchmark_v1.0/benchmarks/tracker_benchmark/data/Human5/img/0578.jpg,325,413,15,42
/home/public/tracker_benchmark_v1.0/benchmarks/tracker_benchmark/data/Human5/img/0579.jpg,325,413,15,42
/home/public/tracker_benchmark_v1.0/benchmarks/tracker_benchmark/data/Human5/img/0580.jpg,325,413,15,42
/home/public/tracker_benchmark_v1.0/benchmarks/tracker_benchmark/data/Human5/img/0581.jpg,325,413,15,42
/home/public/tracker_benchmark_v1.0/benchmarks/tracker_benchmark/data/Human5/img/0582.jpg,325,413,15,42
/home/public/tracker_benchmark_v1.0/benchmarks/tracker_benchmark/data/Human5/img/0583.jpg,325,413,15,42
/home/public/tracker_benchmark_v1.0/benchmarks/tracker_benchmark/data/Human5/img/0584.jpg,325,413,15,42
/home/public/tracker_benchmark_v1.0/benchmarks/tracker_benchmark/data/Human5/img/0585.jpg,325,413,15,42
/home/public/tracker_benchmark_v1.0/benchmarks/tracker_benchmark/data/Human5/img/0586.jpg,325,413,15,42
/home/public/tracker_benchmark_v1.0/benchmarks/tracker_benchmark/data/Human5/img/0587.jpg,325,413,15,42
/home/public/tracker_benchmark_v1.0/benchmarks/tracker_benchmark/data/Human5/img/0588.jpg,325,413,15,42
/home/public/tracker_benchmark_v1.0/benchmarks/tracker_benchmark/data/Human5/img/0589.jpg,325,413,15,42
/home/public/tracker_benchmark_v1.0/benchmarks/tracker_benchmark/data/Human5/img/0590.jpg,325,413,15,42
/home/public/tracker_benchmark_v1.0/benchmarks/tracker_benchmark/data/Human5/img/0591.jpg,325,413,15,42
/home/public/tracker_benchmark_v1.0/benchmarks/tracker_benchmark/data/Human5/img/0592.jpg,325,413,15,42
/home/public/tracker_benchmark_v1.0/benchmarks/tracker_benchmark/data/Human5/img/0593.jpg,325,413,15,42
/home/public/tracker_benchmark_v1.0/benchmarks/tracker_benchmark/data/Human5/img/0594.jpg,325,413,15,42
/home/public/tracker_benchmark_v1.0/benchmarks/tracker_benchmark/data/Human5/img/0595.jpg,325,413,15,42
/home/public/tracker_benchmark_v1.0/benchmarks/tracker_benchmark/data/Human5/img/0596.jpg,325,413,15,42
/home/public/tracker_benchmark_v1.0/benchmarks/tracker_benchmark/data/Human5/img/0597.jpg,325,413,15,42
/home/public/tracker_benchmark_v1.0/benchmarks/tracker_benchmark/data/Human5/img/0598.jpg,325,413,15,42
/home/public/tracker_benchmark_v1.0/benchmarks/tracker_benchmark/data/Human5/img/0599.jpg,325,413,15,42
/home/public/tracker_benchmark_v1.0/benchmarks/tracker_benchmark/data/Human5/img/0600.jpg,325,413,15,42
/home/public/tracker_benchmark_v1.0/benchmarks/tracker_benchmark/data/Human5/img/0601.jpg,325,413,15,42
/home/public/tracker_benchmark_v1.0/benchmarks/tracker_benchmark/data/Human5/img/0602.jpg,325,413,15,42
/home/public/tracker_benchmark_v1.0/benchmarks/tracker_benchmark/data/Human5/img/0603.jpg,325,413,15,42
/home/public/tracker_benchmark_v1.0/benchmarks/tracker_benchmark/data/Human5/img/0604.jpg,325,413,15,42
/home/public/tracker_benchmark_v1.0/benchmarks/tracker_benchmark/data/Human5/img/0605.jpg,325,413,15,42
/home/public/tracker_benchmark_v1.0/benchmarks/tracker_benchmark/data/Human5/img/0606.jpg,325,413,15,42
/home/public/tracker_benchmark_v1.0/benchmarks/tracker_benchmark/data/Human5/img/0607.jpg,325,413,15,42
/home/public/tracker_benchmark_v1.0/benchmarks/tracker_benchmark/data/Human5/img/0608.jpg,325,413,15,42
/home/public/tracker_benchmark_v1.0/benchmarks/tracker_benchmark/data/Human5/img/0609.jpg,325,413,15,42
/home/public/tracker_benchmark_v1.0/benchmarks/tracker_benchmark/data/Human5/img/0610.jpg,325,413,15,42
/home/public/tracker_benchmark_v1.0/benchmarks/tracker_benchmark/data/Human5/img/0611.jpg,325,413,15,42
/home/public/tracker_benchmark_v1.0/benchmarks/tracker_benchmark/data/Human5/img/0612.jpg,325,413,15,42
/home/public/tracker_benchmark_v1.0/benchmarks/tracker_benchmark/data/Human5/img/0613.jpg,325,413,15,42
/home/public/tracker_benchmark_v1.0/benchmarks/tracker_benchmark/data/Human5/img/0614.jpg,325,413,15,42
/home/public/tracker_benchmark_v1.0/benchmarks/tracker_benchmark/data/Human5/img/0615.jpg,325,413,15,42
/home/public/tracker_benchmark_v1.0/benchmarks/tracker_benchmark/data/Human5/img/0616.jpg,325,413,15,42
/home/public/tracker_benchmark_v1.0/benchmarks/tracker_benchmark/data/Human5/img/0617.jpg,325,413,15,42
/home/public/tracker_benchmark_v1.0/benchmarks/tracker_benchmark/data/Human5/img/0618.jpg,325,413,15,42
/home/public/tracker_benchmark_v1.0/benchmarks/tracker_benchmark/data/Human5/img/0619.jpg,325,413,15,42
/home/public/tracker_benchmark_v1.0/benchmarks/tracker_benchmark/data/Human5/img/0620.jpg,325,413,15,42
/home/public/tracker_benchmark_v1.0/benchmarks/tracker_benchmark/data/Human5/img/0621.jpg,325,413,15,42
/home/public/tracker_benchmark_v1.0/benchmarks/tracker_benchmark/data/Human5/img/0622.jpg,325,413,15,42
/home/public/tracker_benchmark_v1.0/benchmarks/tracker_benchmark/data/Human5/img/0623.jpg,325,413,15,42
/home/public/tracker_benchmark_v1.0/benchmarks/tracker_benchmark/data/Human5/img/0624.jpg,325,413,15,42
/home/public/tracker_benchmark_v1.0/benchmarks/tracker_benchmark/data/Human5/img/0625.jpg,325,413,15,42
/home/public/tracker_benchmark_v1.0/benchmarks/tracker_benchmark/data/Human5/img/0626.jpg,325,413,15,42
/home/public/tracker_benchmark_v1.0/benchmarks/tracker_benchmark/data/Human5/img/0627.jpg,325,413,15,42
/home/public/tracker_benchmark_v1.0/benchmarks/tracker_benchmark/data/Human5/img/0628.jpg,325,413,15,42
/home/public/tracker_benchmark_v1.0/benchmarks/tracker_benchmark/data/Human5/img/0629.jpg,325,413,15,42
/home/public/tracker_benchmark_v1.0/benchmarks/tracker_benchmark/data/Human5/img/0630.jpg,325,413,15,42
/home/public/tracker_benchmark_v1.0/benchmarks/tracker_benchmark/data/Human5/img/0631.jpg,325,413,15,42
/home/public/tracker_benchmark_v1.0/benchmarks/tracker_benchmark/data/Human5/img/0632.jpg,325,413,15,42
/home/public/tracker_benchmark_v1.0/benchmarks/tracker_benchmark/data/Human5/img/0633.jpg,325,413,15,42
/home/public/tracker_benchmark_v1.0/benchmarks/tracker_benchmark/data/Human5/img/0634.jpg,325,413,15,42
/home/public/tracker_benchmark_v1.0/benchmarks/tracker_benchmark/data/Human5/img/0635.jpg,325,413,15,42
/home/public/tracker_benchmark_v1.0/benchmarks/tracker_benchmark/data/Human5/img/0636.jpg,325,413,15,42
/home/public/tracker_benchmark_v1.0/benchmarks/tracker_benchmark/data/Human5/img/0637.jpg,325,413,15,42
/home/public/tracker_benchmark_v1.0/benchmarks/tracker_benchmark/data/Human5/img/0638.jpg,325,413,15,42
/home/public/tracker_benchmark_v1.0/benchmarks/tracker_benchmark/data/Human5/img/0639.jpg,325,413,15,42
/home/public/tracker_benchmark_v1.0/benchmarks/tracker_benchmark/data/Human5/img/0640.jpg,325,413,15,42
/home/public/tracker_benchmark_v1.0/benchmarks/tracker_benchmark/data/Human5/img/0641.jpg,325,413,15,42
/home/public/tracker_benchmark_v1.0/benchmarks/tracker_benchmark/data/Human5/img/0642.jpg,325,413,15,42
/home/public/tracker_benchmark_v1.0/benchmarks/tracker_benchmark/data/Human5/img/0643.jpg,325,413,15,42
/home/public/tracker_benchmark_v1.0/benchmarks/tracker_benchmark/data/Human5/img/0644.jpg,325,413,15,42
/home/public/tracker_benchmark_v1.0/benchmarks/tracker_benchmark/data/Human5/img/0645.jpg,325,413,15,42
/home/public/tracker_benchmark_v1.0/benchmarks/tracker_benchmark/data/Human5/img/0646.jpg,325,413,15,42
/home/public/tracker_benchmark_v1.0/benchmarks/tracker_benchmark/data/Human5/img/0647.jpg,325,413,15,42
/home/public/tracker_benchmark_v1.0/benchmarks/tracker_benchmark/data/Human5/img/0648.jpg,325,413,15,42
/home/public/tracker_benchmark_v1.0/benchmarks/tracker_benchmark/data/Human5/img/0649.jpg,325,413,15,42
/home/public/tracker_benchmark_v1.0/benchmarks/tracker_benchmark/data/Human5/img/0650.jpg,325,413,15,42
/home/public/tracker_benchmark_v1.0/benchmarks/tracker_benchmark/data/Human5/img/0651.jpg,325,413,15,42
/home/public/tracker_benchmark_v1.0/benchmarks/tracker_benchmark/data/Human5/img/0652.jpg,325,413,15,42
/home/public/tracker_benchmark_v1.0/benchmarks/tracker_benchmark/data/Human5/img/0653.jpg,325,413,15,42
/home/public/tracker_benchmark_v1.0/benchmarks/tracker_benchmark/data/Human5/img/0654.jpg,325,413,15,42
/home/public/tracker_benchmark_v1.0/benchmarks/tracker_benchmark/data/Human5/img/0655.jpg,325,413,15,42
/home/public/tracker_benchmark_v1.0/benchmarks/tracker_benchmark/data/Human5/img/0656.jpg,325,413,15,42
/home/public/tracker_benchmark_v1.0/benchmarks/tracker_benchmark/data/Human5/img/0657.jpg,325,413,15,42
/home/public/tracker_benchmark_v1.0/benchmarks/tracker_benchmark/data/Human5/img/0658.jpg,325,413,15,42
/home/public/tracker_benchmark_v1.0/benchmarks/tracker_benchmark/data/Human5/img/0659.jpg,325,413,15,42
/home/public/tracker_benchmark_v1.0/benchmarks/tracker_benchmark/data/Human5/img/0660.jpg,325,413,15,42
/home/public/tracker_benchmark_v1.0/benchmarks/tracker_benchmark/data/Human5/img/0661.jpg,325,413,15,42
/home/public/tracker_benchmark_v1.0/benchmarks/tracker_benchmark/data/Human5/img/0662.jpg,325,413,15,42
/home/public/tracker_benchmark_v1.0/benchmarks/tracker_benchmark/data/Human5/img/0663.jpg,325,413,15,42
/home/public/tracker_benchmark_v1.0/benchmarks/tracker_benchmark/data/Human5/img/0664.jpg,325,413,15,42
/home/public/tracker_benchmark_v1.0/benchmarks/tracker_benchmark/data/Human5/img/0665.jpg,325,413,15,42
/home/public/tracker_benchmark_v1.0/benchmarks/tracker_benchmark/data/Human5/img/0666.jpg,325,413,15,42
/home/public/tracker_benchmark_v1.0/benchmarks/tracker_benchmark/data/Human5/img/0667.jpg,325,413,15,42
/home/public/tracker_benchmark_v1.0/benchmarks/tracker_benchmark/data/Human5/img/0668.jpg,325,413,15,42
/home/public/tracker_benchmark_v1.0/benchmarks/tracker_benchmark/data/Human5/img/0669.jpg,325,413,15,42
/home/public/tracker_benchmark_v1.0/benchmarks/tracker_benchmark/data/Human5/img/0670.jpg,325,413,15,42
/home/public/tracker_benchmark_v1.0/benchmarks/tracker_benchmark/data/Human5/img/0671.jpg,325,413,15,42
/home/public/tracker_benchmark_v1.0/benchmarks/tracker_benchmark/data/Human5/img/0672.jpg,325,413,15,42
/home/public/tracker_benchmark_v1.0/benchmarks/tracker_benchmark/data/Human5/img/0673.jpg,325,413,15,42
/home/public/tracker_benchmark_v1.0/benchmarks/tracker_benchmark/data/Human5/img/0674.jpg,325,413,15,42
/home/public/tracker_benchmark_v1.0/benchmarks/tracker_benchmark/data/Human5/img/0675.jpg,325,413,15,42
/home/public/tracker_benchmark_v1.0/benchmarks/tracker_benchmark/data/Human5/img/0676.jpg,325,413,15,42
/home/public/tracker_benchmark_v1.0/benchmarks/tracker_benchmark/data/Human5/img/0677.jpg,325,413,15,42
/home/public/tracker_benchmark_v1.0/benchmarks/tracker_benchmark/data/Human5/img/0678.jpg,325,413,15,42
/home/public/tracker_benchmark_v1.0/benchmarks/tracker_benchmark/data/Human5/img/0679.jpg,325,413,15,42
/home/public/tracker_benchmark_v1.0/benchmarks/tracker_benchmark/data/Human5/img/0680.jpg,325,413,15,42
/home/public/tracker_benchmark_v1.0/benchmarks/tracker_benchmark/data/Human5/img/0681.jpg,325,413,15,42
/home/public/tracker_benchmark_v1.0/benchmarks/tracker_benchmark/data/Human5/img/0682.jpg,325,413,15,42
/home/public/tracker_benchmark_v1.0/benchmarks/tracker_benchmark/data/Human5/img/0683.jpg,325,413,15,42
/home/public/tracker_benchmark_v1.0/benchmarks/tracker_benchmark/data/Human5/img/0684.jpg,325,413,15,42
/home/public/tracker_benchmark_v1.0/benchmarks/tracker_benchmark/data/Human5/img/0685.jpg,325,413,15,42
/home/public/tracker_benchmark_v1.0/benchmarks/tracker_benchmark/data/Human5/img/0686.jpg,325,413,15,42
/home/public/tracker_benchmark_v1.0/benchmarks/tracker_benchmark/data/Human5/img/0687.jpg,325,413,15,42
/home/public/tracker_benchmark_v1.0/benchmarks/tracker_benchmark/data/Human5/img/0688.jpg,325,413,15,42
/home/public/tracker_benchmark_v1.0/benchmarks/tracker_benchmark/data/Human5/img/0689.jpg,325,413,15,42
/home/public/tracker_benchmark_v1.0/benchmarks/tracker_benchmark/data/Human5/img/0690.jpg,325,413,15,42
/home/public/tracker_benchmark_v1.0/benchmarks/tracker_benchmark/data/Human5/img/0691.jpg,325,413,15,42
/home/public/tracker_benchmark_v1.0/benchmarks/tracker_benchmark/data/Human5/img/0692.jpg,325,413,15,42
/home/public/tracker_benchmark_v1.0/benchmarks/tracker_benchmark/data/Human5/img/0693.jpg,325,413,15,42
/home/public/tracker_benchmark_v1.0/benchmarks/tracker_benchmark/data/Human5/img/0694.jpg,325,413,15,42
/home/public/tracker_benchmark_v1.0/benchmarks/tracker_benchmark/data/Human5/img/0695.jpg,325,413,15,42
/home/public/tracker_benchmark_v1.0/benchmarks/tracker_benchmark/data/Human5/img/0696.jpg,325,413,15,42
/home/public/tracker_benchmark_v1.0/benchmarks/tracker_benchmark/data/Human5/img/0697.jpg,325,413,15,42
/home/public/tracker_benchmark_v1.0/benchmarks/tracker_benchmark/data/Human5/img/0698.jpg,325,413,15,42
/home/public/tracker_benchmark_v1.0/benchmarks/tracker_benchmark/data/Human5/img/0699.jpg,325,413,15,42
/home/public/tracker_benchmark_v1.0/benchmarks/tracker_benchmark/data/Human5/img/0700.jpg,325,413,15,42
/home/public/tracker_benchmark_v1.0/benchmarks/tracker_benchmark/data/Human5/img/0701.jpg,325,413,15,42
/home/public/tracker_benchmark_v1.0/benchmarks/tracker_benchmark/data/Human5/img/0702.jpg,325,413,15,42
/home/public/tracker_benchmark_v1.0/benchmarks/tracker_benchmark/data/Human5/img/0703.jpg,325,413,15,42
/home/public/tracker_benchmark_v1.0/benchmarks/tracker_benchmark/data/Human5/img/0704.jpg,325,413,15,42
/home/public/tracker_benchmark_v1.0/benchmarks/tracker_benchmark/data/Human5/img/0705.jpg,325,413,15,42
/home/public/tracker_benchmark_v1.0/benchmarks/tracker_benchmark/data/Human5/img/0706.jpg,325,413,15,42
/home/public/tracker_benchmark_v1.0/benchmarks/tracker_benchmark/data/Human5/img/0707.jpg,325,413,15,42
/home/public/tracker_benchmark_v1.0/benchmarks/tracker_benchmark/data/Human5/img/0708.jpg,325,413,15,42
/home/public/tracker_benchmark_v1.0/benchmarks/tracker_benchmark/data/Human5/img/0709.jpg,325,413,15,42
/home/public/tracker_benchmark_v1.0/benchmarks/tracker_benchmark/data/Human5/img/0710.jpg,325,413,15,42
/home/public/tracker_benchmark_v1.0/benchmarks/tracker_benchmark/data/Human5/img/0711.jpg,325,413,15,42
/home/public/tracker_benchmark_v1.0/benchmarks/tracker_benchmark/data/Human5/img/0712.jpg,325,413,15,42
/home/public/tracker_benchmark_v1.0/benchmarks/tracker_benchmark/data/Human5/img/0713.jpg,325,413,15,42
