/home/public/tracker_benchmark_v1.0/benchmarks/tracker_benchmark/data/CarScale/img/0001.jpg,5,165,42,26
/home/public/tracker_benchmark_v1.0/benchmarks/tracker_benchmark/data/CarScale/img/0002.jpg,5,165,42,26
/home/public/tracker_benchmark_v1.0/benchmarks/tracker_benchmark/data/CarScale/img/0003.jpg,5,165,42,26
/home/public/tracker_benchmark_v1.0/benchmarks/tracker_benchmark/data/CarScale/img/0004.jpg,5,165,42,26
/home/public/tracker_benchmark_v1.0/benchmarks/tracker_benchmark/data/CarScale/img/0005.jpg,5,165,42,26
/home/public/tracker_benchmark_v1.0/benchmarks/tracker_benchmark/data/CarScale/img/0006.jpg,5,165,42,26
/home/public/tracker_benchmark_v1.0/benchmarks/tracker_benchmark/data/CarScale/img/0007.jpg,5,165,42,26
/home/public/tracker_benchmark_v1.0/benchmarks/tracker_benchmark/data/CarScale/img/0008.jpg,5,165,42,26
/home/public/tracker_benchmark_v1.0/benchmarks/tracker_benchmark/data/CarScale/img/0009.jpg,5,165,42,26
/home/public/tracker_benchmark_v1.0/benchmarks/tracker_benchmark/data/CarScale/img/0010.jpg,5,165,42,26
/home/public/tracker_benchmark_v1.0/benchmarks/tracker_benchmark/data/CarScale/img/0011.jpg,5,165,42,26
/home/public/tracker_benchmark_v1.0/benchmarks/tracker_benchmark/data/CarScale/img/0012.jpg,5,165,42,26
/home/public/tracker_benchmark_v1.0/benchmarks/tracker_benchmark/data/CarScale/img/0013.jpg,5,165,42,26
/home/public/tracker_benchmark_v1.0/benchmarks/tracker_benchmark/data/CarScale/img/0014.jpg,5,165,42,26
/home/public/tracker_benchmark_v1.0/benchmarks/tracker_benchmark/data/CarScale/img/0015.jpg,5,165,42,26
/home/public/tracker_benchmark_v1.0/benchmarks/tracker_benchmark/data/CarScale/img/0016.jpg,5,165,42,26
/home/public/tracker_benchmark_v1.0/benchmarks/tracker_benchmark/data/CarScale/img/0017.jpg,5,165,42,26
/home/public/tracker_benchmark_v1.0/benchmarks/tracker_benchmark/data/CarScale/img/0018.jpg,5,165,42,26
/home/public/tracker_benchmark_v1.0/benchmarks/tracker_benchmark/data/CarScale/img/0019.jpg,5,165,42,26
/home/public/tracker_benchmark_v1.0/benchmarks/tracker_benchmark/data/CarScale/img/0020.jpg,5,165,42,26
/home/public/tracker_benchmark_v1.0/benchmarks/tracker_benchmark/data/CarScale/img/0021.jpg,5,165,42,26
/home/public/tracker_benchmark_v1.0/benchmarks/tracker_benchmark/data/CarScale/img/0022.jpg,5,165,42,26
/home/public/tracker_benchmark_v1.0/benchmarks/tracker_benchmark/data/CarScale/img/0023.jpg,5,165,42,26
/home/public/tracker_benchmark_v1.0/benchmarks/tracker_benchmark/data/CarScale/img/0024.jpg,5,165,42,26
/home/public/tracker_benchmark_v1.0/benchmarks/tracker_benchmark/data/CarScale/img/0025.jpg,5,165,42,26
/home/public/tracker_benchmark_v1.0/benchmarks/tracker_benchmark/data/CarScale/img/0026.jpg,5,165,42,26
/home/public/tracker_benchmark_v1.0/benchmarks/tracker_benchmark/data/CarScale/img/0027.jpg,5,165,42,26
/home/public/tracker_benchmark_v1.0/benchmarks/tracker_benchmark/data/CarScale/img/0028.jpg,5,165,42,26
/home/public/tracker_benchmark_v1.0/benchmarks/tracker_benchmark/data/CarScale/img/0029.jpg,5,165,42,26
/home/public/tracker_benchmark_v1.0/benchmarks/tracker_benchmark/data/CarScale/img/0030.jpg,5,165,42,26
/home/public/tracker_benchmark_v1.0/benchmarks/tracker_benchmark/data/CarScale/img/0031.jpg,5,165,42,26
/home/public/tracker_benchmark_v1.0/benchmarks/tracker_benchmark/data/CarScale/img/0032.jpg,5,165,42,26
/home/public/tracker_benchmark_v1.0/benchmarks/tracker_benchmark/data/CarScale/img/0033.jpg,5,165,42,26
/home/public/tracker_benchmark_v1.0/benchmarks/tracker_benchmark/data/CarScale/img/0034.jpg,5,165,42,26
/home/public/tracker_benchmark_v1.0/benchmarks/tracker_benchmark/data/CarScale/img/0035.jpg,5,165,42,26
/home/public/tracker_benchmark_v1.0/benchmarks/tracker_benchmark/data/CarScale/img/0036.jpg,5,165,42,26
/home/public/tracker_benchmark_v1.0/benchmarks/tracker_benchmark/data/CarScale/img/0037.jpg,5,165,42,26
/home/public/tracker_benchmark_v1.0/benchmarks/tracker_benchmark/data/CarScale/img/0038.jpg,5,165,42,26
/home/public/tracker_benchmark_v1.0/benchmarks/tracker_benchmark/data/CarScale/img/0039.jpg,5,165,42,26
/home/public/tracker_benchmark_v1.0/benchmarks/tracker_benchmark/data/CarScale/img/0040.jpg,5,165,42,26
/home/public/tracker_benchmark_v1.0/benchmarks/tracker_benchmark/data/CarScale/img/0041.jpg,5,165,42,26
/home/public/tracker_benchmark_v1.0/benchmarks/tracker_benchmark/data/CarScale/img/0042.jpg,5,165,42,26
/home/public/tracker_benchmark_v1.0/benchmarks/tracker_benchmark/data/CarScale/img/0043.jpg,5,165,42,26
/home/public/tracker_benchmark_v1.0/benchmarks/tracker_benchmark/data/CarScale/img/0044.jpg,5,165,42,26
/home/public/tracker_benchmark_v1.0/benchmarks/tracker_benchmark/data/CarScale/img/0045.jpg,5,165,42,26
/home/public/tracker_benchmark_v1.0/benchmarks/tracker_benchmark/data/CarScale/img/0046.jpg,5,165,42,26
/home/public/tracker_benchmark_v1.0/benchmarks/tracker_benchmark/data/CarScale/img/0047.jpg,5,165,42,26
/home/public/tracker_benchmark_v1.0/benchmarks/tracker_benchmark/data/CarScale/img/0048.jpg,5,165,42,26
/home/public/tracker_benchmark_v1.0/benchmarks/tracker_benchmark/data/CarScale/img/0049.jpg,5,165,42,26
/home/public/tracker_benchmark_v1.0/benchmarks/tracker_benchmark/data/CarScale/img/0050.jpg,5,165,42,26
/home/public/tracker_benchmark_v1.0/benchmarks/tracker_benchmark/data/CarScale/img/0051.jpg,5,165,42,26
/home/public/tracker_benchmark_v1.0/benchmarks/tracker_benchmark/data/CarScale/img/0052.jpg,5,165,42,26
/home/public/tracker_benchmark_v1.0/benchmarks/tracker_benchmark/data/CarScale/img/0053.jpg,5,165,42,26
/home/public/tracker_benchmark_v1.0/benchmarks/tracker_benchmark/data/CarScale/img/0054.jpg,5,165,42,26
/home/public/tracker_benchmark_v1.0/benchmarks/tracker_benchmark/data/CarScale/img/0055.jpg,5,165,42,26
/home/public/tracker_benchmark_v1.0/benchmarks/tracker_benchmark/data/CarScale/img/0056.jpg,5,165,42,26
/home/public/tracker_benchmark_v1.0/benchmarks/tracker_benchmark/data/CarScale/img/0057.jpg,5,165,42,26
/home/public/tracker_benchmark_v1.0/benchmarks/tracker_benchmark/data/CarScale/img/0058.jpg,5,165,42,26
/home/public/tracker_benchmark_v1.0/benchmarks/tracker_benchmark/data/CarScale/img/0059.jpg,5,165,42,26
/home/public/tracker_benchmark_v1.0/benchmarks/tracker_benchmark/data/CarScale/img/0060.jpg,5,165,42,26
/home/public/tracker_benchmark_v1.0/benchmarks/tracker_benchmark/data/CarScale/img/0061.jpg,5,165,42,26
/home/public/tracker_benchmark_v1.0/benchmarks/tracker_benchmark/data/CarScale/img/0062.jpg,5,165,42,26
/home/public/tracker_benchmark_v1.0/benchmarks/tracker_benchmark/data/CarScale/img/0063.jpg,5,165,42,26
/home/public/tracker_benchmark_v1.0/benchmarks/tracker_benchmark/data/CarScale/img/0064.jpg,5,165,42,26
/home/public/tracker_benchmark_v1.0/benchmarks/tracker_benchmark/data/CarScale/img/0065.jpg,5,165,42,26
/home/public/tracker_benchmark_v1.0/benchmarks/tracker_benchmark/data/CarScale/img/0066.jpg,5,165,42,26
/home/public/tracker_benchmark_v1.0/benchmarks/tracker_benchmark/data/CarScale/img/0067.jpg,5,165,42,26
/home/public/tracker_benchmark_v1.0/benchmarks/tracker_benchmark/data/CarScale/img/0068.jpg,5,165,42,26
/home/public/tracker_benchmark_v1.0/benchmarks/tracker_benchmark/data/CarScale/img/0069.jpg,5,165,42,26
/home/public/tracker_benchmark_v1.0/benchmarks/tracker_benchmark/data/CarScale/img/0070.jpg,5,165,42,26
/home/public/tracker_benchmark_v1.0/benchmarks/tracker_benchmark/data/CarScale/img/0071.jpg,5,165,42,26
/home/public/tracker_benchmark_v1.0/benchmarks/tracker_benchmark/data/CarScale/img/0072.jpg,5,165,42,26
/home/public/tracker_benchmark_v1.0/benchmarks/tracker_benchmark/data/CarScale/img/0073.jpg,5,165,42,26
/home/public/tracker_benchmark_v1.0/benchmarks/tracker_benchmark/data/CarScale/img/0074.jpg,5,165,42,26
/home/public/tracker_benchmark_v1.0/benchmarks/tracker_benchmark/data/CarScale/img/0075.jpg,5,165,42,26
/home/public/tracker_benchmark_v1.0/benchmarks/tracker_benchmark/data/CarScale/img/0076.jpg,5,165,42,26
/home/public/tracker_benchmark_v1.0/benchmarks/tracker_benchmark/data/CarScale/img/0077.jpg,5,165,42,26
/home/public/tracker_benchmark_v1.0/benchmarks/tracker_benchmark/data/CarScale/img/0078.jpg,5,165,42,26
/home/public/tracker_benchmark_v1.0/benchmarks/tracker_benchmark/data/CarScale/img/0079.jpg,5,165,42,26
/home/public/tracker_benchmark_v1.0/benchmarks/tracker_benchmark/data/CarScale/img/0080.jpg,5,165,42,26
/home/public/tracker_benchmark_v1.0/benchmarks/tracker_benchmark/data/CarScale/img/0081.jpg,5,165,42,26
/home/public/tracker_benchmark_v1.0/benchmarks/tracker_benchmark/data/CarScale/img/0082.jpg,5,165,42,26
/home/public/tracker_benchmark_v1.0/benchmarks/tracker_benchmark/data/CarScale/img/0083.jpg,5,165,42,26
/home/public/tracker_benchmark_v1.0/benchmarks/tracker_benchmark/data/CarScale/img/0084.jpg,5,165,42,26
/home/public/tracker_benchmark_v1.0/benchmarks/tracker_benchmark/data/CarScale/img/0085.jpg,5,165,42,26
/home/public/tracker_benchmark_v1.0/benchmarks/tracker_benchmark/data/CarScale/img/0086.jpg,5,165,42,26
/home/public/tracker_benchmark_v1.0/benchmarks/tracker_benchmark/data/CarScale/img/0087.jpg,5,165,42,26
/home/public/tracker_benchmark_v1.0/benchmarks/tracker_benchmark/data/CarScale/img/0088.jpg,5,165,42,26
/home/public/tracker_benchmark_v1.0/benchmarks/tracker_benchmark/data/CarScale/img/0089.jpg,5,165,42,26
/home/public/tracker_benchmark_v1.0/benchmarks/tracker_benchmark/data/CarScale/img/0090.jpg,5,165,42,26
/home/public/tracker_benchmark_v1.0/benchmarks/tracker_benchmark/data/CarScale/img/0091.jpg,5,165,42,26
/home/public/tracker_benchmark_v1.0/benchmarks/tracker_benchmark/data/CarScale/img/0092.jpg,5,165,42,26
/home/public/tracker_benchmark_v1.0/benchmarks/tracker_benchmark/data/CarScale/img/0093.jpg,5,165,42,26
/home/public/tracker_benchmark_v1.0/benchmarks/tracker_benchmark/data/CarScale/img/0094.jpg,5,165,42,26
/home/public/tracker_benchmark_v1.0/benchmarks/tracker_benchmark/data/CarScale/img/0095.jpg,5,165,42,26
/home/public/tracker_benchmark_v1.0/benchmarks/tracker_benchmark/data/CarScale/img/0096.jpg,5,165,42,26
/home/public/tracker_benchmark_v1.0/benchmarks/tracker_benchmark/data/CarScale/img/0097.jpg,5,165,42,26
/home/public/tracker_benchmark_v1.0/benchmarks/tracker_benchmark/data/CarScale/img/0098.jpg,5,165,42,26
/home/public/tracker_benchmark_v1.0/benchmarks/tracker_benchmark/data/CarScale/img/0099.jpg,5,165,42,26
/home/public/tracker_benchmark_v1.0/benchmarks/tracker_benchmark/data/CarScale/img/0100.jpg,5,165,42,26
/home/public/tracker_benchmark_v1.0/benchmarks/tracker_benchmark/data/CarScale/img/0101.jpg,5,165,42,26
/home/public/tracker_benchmark_v1.0/benchmarks/tracker_benchmark/data/CarScale/img/0102.jpg,5,165,42,26
/home/public/tracker_benchmark_v1.0/benchmarks/tracker_benchmark/data/CarScale/img/0103.jpg,5,165,42,26
/home/public/tracker_benchmark_v1.0/benchmarks/tracker_benchmark/data/CarScale/img/0104.jpg,5,165,42,26
/home/public/tracker_benchmark_v1.0/benchmarks/tracker_benchmark/data/CarScale/img/0105.jpg,5,165,42,26
/home/public/tracker_benchmark_v1.0/benchmarks/tracker_benchmark/data/CarScale/img/0106.jpg,5,165,42,26
/home/public/tracker_benchmark_v1.0/benchmarks/tracker_benchmark/data/CarScale/img/0107.jpg,5,165,42,26
/home/public/tracker_benchmark_v1.0/benchmarks/tracker_benchmark/data/CarScale/img/0108.jpg,5,165,42,26
/home/public/tracker_benchmark_v1.0/benchmarks/tracker_benchmark/data/CarScale/img/0109.jpg,5,165,42,26
/home/public/tracker_benchmark_v1.0/benchmarks/tracker_benchmark/data/CarScale/img/0110.jpg,5,165,42,26
/home/public/tracker_benchmark_v1.0/benchmarks/tracker_benchmark/data/CarScale/img/0111.jpg,5,165,42,26
/home/public/tracker_benchmark_v1.0/benchmarks/tracker_benchmark/data/CarScale/img/0112.jpg,5,165,42,26
/home/public/tracker_benchmark_v1.0/benchmarks/tracker_benchmark/data/CarScale/img/0113.jpg,5,165,42,26
/home/public/tracker_benchmark_v1.0/benchmarks/tracker_benchmark/data/CarScale/img/0114.jpg,5,165,42,26
/home/public/tracker_benchmark_v1.0/benchmarks/tracker_benchmark/data/CarScale/img/0115.jpg,5,165,42,26
/home/public/tracker_benchmark_v1.0/benchmarks/tracker_benchmark/data/CarScale/img/0116.jpg,5,165,42,26
/home/public/tracker_benchmark_v1.0/benchmarks/tracker_benchmark/data/CarScale/img/0117.jpg,5,165,42,26
/home/public/tracker_benchmark_v1.0/benchmarks/tracker_benchmark/data/CarScale/img/0118.jpg,5,165,42,26
/home/public/tracker_benchmark_v1.0/benchmarks/tracker_benchmark/data/CarScale/img/0119.jpg,5,165,42,26
/home/public/tracker_benchmark_v1.0/benchmarks/tracker_benchmark/data/CarScale/img/0120.jpg,5,165,42,26
/home/public/tracker_benchmark_v1.0/benchmarks/tracker_benchmark/data/CarScale/img/0121.jpg,5,165,42,26
/home/public/tracker_benchmark_v1.0/benchmarks/tracker_benchmark/data/CarScale/img/0122.jpg,5,165,42,26
/home/public/tracker_benchmark_v1.0/benchmarks/tracker_benchmark/data/CarScale/img/0123.jpg,5,165,42,26
/home/public/tracker_benchmark_v1.0/benchmarks/tracker_benchmark/data/CarScale/img/0124.jpg,5,165,42,26
/home/public/tracker_benchmark_v1.0/benchmarks/tracker_benchmark/data/CarScale/img/0125.jpg,5,165,42,26
/home/public/tracker_benchmark_v1.0/benchmarks/tracker_benchmark/data/CarScale/img/0126.jpg,5,165,42,26
/home/public/tracker_benchmark_v1.0/benchmarks/tracker_benchmark/data/CarScale/img/0127.jpg,5,165,42,26
/home/public/tracker_benchmark_v1.0/benchmarks/tracker_benchmark/data/CarScale/img/0128.jpg,5,165,42,26
/home/public/tracker_benchmark_v1.0/benchmarks/tracker_benchmark/data/CarScale/img/0129.jpg,5,165,42,26
/home/public/tracker_benchmark_v1.0/benchmarks/tracker_benchmark/data/CarScale/img/0130.jpg,5,165,42,26
/home/public/tracker_benchmark_v1.0/benchmarks/tracker_benchmark/data/CarScale/img/0131.jpg,5,165,42,26
/home/public/tracker_benchmark_v1.0/benchmarks/tracker_benchmark/data/CarScale/img/0132.jpg,5,165,42,26
/home/public/tracker_benchmark_v1.0/benchmarks/tracker_benchmark/data/CarScale/img/0133.jpg,5,165,42,26
/home/public/tracker_benchmark_v1.0/benchmarks/tracker_benchmark/data/CarScale/img/0134.jpg,5,165,42,26
/home/public/tracker_benchmark_v1.0/benchmarks/tracker_benchmark/data/CarScale/img/0135.jpg,5,165,42,26
/home/public/tracker_benchmark_v1.0/benchmarks/tracker_benchmark/data/CarScale/img/0136.jpg,5,165,42,26
/home/public/tracker_benchmark_v1.0/benchmarks/tracker_benchmark/data/CarScale/img/0137.jpg,5,165,42,26
/home/public/tracker_benchmark_v1.0/benchmarks/tracker_benchmark/data/CarScale/img/0138.jpg,5,165,42,26
/home/public/tracker_benchmark_v1.0/benchmarks/tracker_benchmark/data/CarScale/img/0139.jpg,5,165,42,26
/home/public/tracker_benchmark_v1.0/benchmarks/tracker_benchmark/data/CarScale/img/0140.jpg,5,165,42,26
/home/public/tracker_benchmark_v1.0/benchmarks/tracker_benchmark/data/CarScale/img/0141.jpg,5,165,42,26
/home/public/tracker_benchmark_v1.0/benchmarks/tracker_benchmark/data/CarScale/img/0142.jpg,5,165,42,26
/home/public/tracker_benchmark_v1.0/benchmarks/tracker_benchmark/data/CarScale/img/0143.jpg,5,165,42,26
/home/public/tracker_benchmark_v1.0/benchmarks/tracker_benchmark/data/CarScale/img/0144.jpg,5,165,42,26
/home/public/tracker_benchmark_v1.0/benchmarks/tracker_benchmark/data/CarScale/img/0145.jpg,5,165,42,26
/home/public/tracker_benchmark_v1.0/benchmarks/tracker_benchmark/data/CarScale/img/0146.jpg,5,165,42,26
/home/public/tracker_benchmark_v1.0/benchmarks/tracker_benchmark/data/CarScale/img/0147.jpg,5,165,42,26
/home/public/tracker_benchmark_v1.0/benchmarks/tracker_benchmark/data/CarScale/img/0148.jpg,5,165,42,26
/home/public/tracker_benchmark_v1.0/benchmarks/tracker_benchmark/data/CarScale/img/0149.jpg,5,165,42,26
/home/public/tracker_benchmark_v1.0/benchmarks/tracker_benchmark/data/CarScale/img/0150.jpg,5,165,42,26
/home/public/tracker_benchmark_v1.0/benchmarks/tracker_benchmark/data/CarScale/img/0151.jpg,5,165,42,26
/home/public/tracker_benchmark_v1.0/benchmarks/tracker_benchmark/data/CarScale/img/0152.jpg,5,165,42,26
/home/public/tracker_benchmark_v1.0/benchmarks/tracker_benchmark/data/CarScale/img/0153.jpg,5,165,42,26
/home/public/tracker_benchmark_v1.0/benchmarks/tracker_benchmark/data/CarScale/img/0154.jpg,5,165,42,26
/home/public/tracker_benchmark_v1.0/benchmarks/tracker_benchmark/data/CarScale/img/0155.jpg,5,165,42,26
/home/public/tracker_benchmark_v1.0/benchmarks/tracker_benchmark/data/CarScale/img/0156.jpg,5,165,42,26
/home/public/tracker_benchmark_v1.0/benchmarks/tracker_benchmark/data/CarScale/img/0157.jpg,5,165,42,26
/home/public/tracker_benchmark_v1.0/benchmarks/tracker_benchmark/data/CarScale/img/0158.jpg,5,165,42,26
/home/public/tracker_benchmark_v1.0/benchmarks/tracker_benchmark/data/CarScale/img/0159.jpg,5,165,42,26
/home/public/tracker_benchmark_v1.0/benchmarks/tracker_benchmark/data/CarScale/img/0160.jpg,5,165,42,26
/home/public/tracker_benchmark_v1.0/benchmarks/tracker_benchmark/data/CarScale/img/0161.jpg,5,165,42,26
/home/public/tracker_benchmark_v1.0/benchmarks/tracker_benchmark/data/CarScale/img/0162.jpg,5,165,42,26
/home/public/tracker_benchmark_v1.0/benchmarks/tracker_benchmark/data/CarScale/img/0163.jpg,5,165,42,26
/home/public/tracker_benchmark_v1.0/benchmarks/tracker_benchmark/data/CarScale/img/0164.jpg,5,165,42,26
/home/public/tracker_benchmark_v1.0/benchmarks/tracker_benchmark/data/CarScale/img/0165.jpg,5,165,42,26
/home/public/tracker_benchmark_v1.0/benchmarks/tracker_benchmark/data/CarScale/img/0166.jpg,5,165,42,26
/home/public/tracker_benchmark_v1.0/benchmarks/tracker_benchmark/data/CarScale/img/0167.jpg,5,165,42,26
/home/public/tracker_benchmark_v1.0/benchmarks/tracker_benchmark/data/CarScale/img/0168.jpg,5,165,42,26
/home/public/tracker_benchmark_v1.0/benchmarks/tracker_benchmark/data/CarScale/img/0169.jpg,5,165,42,26
/home/public/tracker_benchmark_v1.0/benchmarks/tracker_benchmark/data/CarScale/img/0170.jpg,5,165,42,26
/home/public/tracker_benchmark_v1.0/benchmarks/tracker_benchmark/data/CarScale/img/0171.jpg,5,165,42,26
/home/public/tracker_benchmark_v1.0/benchmarks/tracker_benchmark/data/CarScale/img/0172.jpg,5,165,42,26
/home/public/tracker_benchmark_v1.0/benchmarks/tracker_benchmark/data/CarScale/img/0173.jpg,5,165,42,26
/home/public/tracker_benchmark_v1.0/benchmarks/tracker_benchmark/data/CarScale/img/0174.jpg,5,165,42,26
/home/public/tracker_benchmark_v1.0/benchmarks/tracker_benchmark/data/CarScale/img/0175.jpg,5,165,42,26
/home/public/tracker_benchmark_v1.0/benchmarks/tracker_benchmark/data/CarScale/img/0176.jpg,5,165,42,26
/home/public/tracker_benchmark_v1.0/benchmarks/tracker_benchmark/data/CarScale/img/0177.jpg,5,165,42,26
/home/public/tracker_benchmark_v1.0/benchmarks/tracker_benchmark/data/CarScale/img/0178.jpg,5,165,42,26
/home/public/tracker_benchmark_v1.0/benchmarks/tracker_benchmark/data/CarScale/img/0179.jpg,5,165,42,26
/home/public/tracker_benchmark_v1.0/benchmarks/tracker_benchmark/data/CarScale/img/0180.jpg,5,165,42,26
/home/public/tracker_benchmark_v1.0/benchmarks/tracker_benchmark/data/CarScale/img/0181.jpg,5,165,42,26
/home/public/tracker_benchmark_v1.0/benchmarks/tracker_benchmark/data/CarScale/img/0182.jpg,5,165,42,26
/home/public/tracker_benchmark_v1.0/benchmarks/tracker_benchmark/data/CarScale/img/0183.jpg,5,165,42,26
/home/public/tracker_benchmark_v1.0/benchmarks/tracker_benchmark/data/CarScale/img/0184.jpg,5,165,42,26
/home/public/tracker_benchmark_v1.0/benchmarks/tracker_benchmark/data/CarScale/img/0185.jpg,5,165,42,26
/home/public/tracker_benchmark_v1.0/benchmarks/tracker_benchmark/data/CarScale/img/0186.jpg,5,165,42,26
/home/public/tracker_benchmark_v1.0/benchmarks/tracker_benchmark/data/CarScale/img/0187.jpg,5,165,42,26
/home/public/tracker_benchmark_v1.0/benchmarks/tracker_benchmark/data/CarScale/img/0188.jpg,5,165,42,26
/home/public/tracker_benchmark_v1.0/benchmarks/tracker_benchmark/data/CarScale/img/0189.jpg,5,165,42,26
/home/public/tracker_benchmark_v1.0/benchmarks/tracker_benchmark/data/CarScale/img/0190.jpg,5,165,42,26
/home/public/tracker_benchmark_v1.0/benchmarks/tracker_benchmark/data/CarScale/img/0191.jpg,5,165,42,26
/home/public/tracker_benchmark_v1.0/benchmarks/tracker_benchmark/data/CarScale/img/0192.jpg,5,165,42,26
/home/public/tracker_benchmark_v1.0/benchmarks/tracker_benchmark/data/CarScale/img/0193.jpg,5,165,42,26
/home/public/tracker_benchmark_v1.0/benchmarks/tracker_benchmark/data/CarScale/img/0194.jpg,5,165,42,26
/home/public/tracker_benchmark_v1.0/benchmarks/tracker_benchmark/data/CarScale/img/0195.jpg,5,165,42,26
/home/public/tracker_benchmark_v1.0/benchmarks/tracker_benchmark/data/CarScale/img/0196.jpg,5,165,42,26
/home/public/tracker_benchmark_v1.0/benchmarks/tracker_benchmark/data/CarScale/img/0197.jpg,5,165,42,26
/home/public/tracker_benchmark_v1.0/benchmarks/tracker_benchmark/data/CarScale/img/0198.jpg,5,165,42,26
/home/public/tracker_benchmark_v1.0/benchmarks/tracker_benchmark/data/CarScale/img/0199.jpg,5,165,42,26
/home/public/tracker_benchmark_v1.0/benchmarks/tracker_benchmark/data/CarScale/img/0200.jpg,5,165,42,26
/home/public/tracker_benchmark_v1.0/benchmarks/tracker_benchmark/data/CarScale/img/0201.jpg,5,165,42,26
/home/public/tracker_benchmark_v1.0/benchmarks/tracker_benchmark/data/CarScale/img/0202.jpg,5,165,42,26
/home/public/tracker_benchmark_v1.0/benchmarks/tracker_benchmark/data/CarScale/img/0203.jpg,5,165,42,26
/home/public/tracker_benchmark_v1.0/benchmarks/tracker_benchmark/data/CarScale/img/0204.jpg,5,165,42,26
/home/public/tracker_benchmark_v1.0/benchmarks/tracker_benchmark/data/CarScale/img/0205.jpg,5,165,42,26
/home/public/tracker_benchmark_v1.0/benchmarks/tracker_benchmark/data/CarScale/img/0206.jpg,5,165,42,26
/home/public/tracker_benchmark_v1.0/benchmarks/tracker_benchmark/data/CarScale/img/0207.jpg,5,165,42,26
/home/public/tracker_benchmark_v1.0/benchmarks/tracker_benchmark/data/CarScale/img/0208.jpg,5,165,42,26
/home/public/tracker_benchmark_v1.0/benchmarks/tracker_benchmark/data/CarScale/img/0209.jpg,5,165,42,26
/home/public/tracker_benchmark_v1.0/benchmarks/tracker_benchmark/data/CarScale/img/0210.jpg,5,165,42,26
/home/public/tracker_benchmark_v1.0/benchmarks/tracker_benchmark/data/CarScale/img/0211.jpg,5,165,42,26
/home/public/tracker_benchmark_v1.0/benchmarks/tracker_benchmark/data/CarScale/img/0212.jpg,5,165,42,26
/home/public/tracker_benchmark_v1.0/benchmarks/tracker_benchmark/data/CarScale/img/0213.jpg,5,165,42,26
/home/public/tracker_benchmark_v1.0/benchmarks/tracker_benchmark/data/CarScale/img/0214.jpg,5,165,42,26
/home/public/tracker_benchmark_v1.0/benchmarks/tracker_benchmark/data/CarScale/img/0215.jpg,5,165,42,26
/home/public/tracker_benchmark_v1.0/benchmarks/tracker_benchmark/data/CarScale/img/0216.jpg,5,165,42,26
/home/public/tracker_benchmark_v1.0/benchmarks/tracker_benchmark/data/CarScale/img/0217.jpg,5,165,42,26
/home/public/tracker_benchmark_v1.0/benchmarks/tracker_benchmark/data/CarScale/img/0218.jpg,5,165,42,26
/home/public/tracker_benchmark_v1.0/benchmarks/tracker_benchmark/data/CarScale/img/0219.jpg,5,165,42,26
/home/public/tracker_benchmark_v1.0/benchmarks/tracker_benchmark/data/CarScale/img/0220.jpg,5,165,42,26
/home/public/tracker_benchmark_v1.0/benchmarks/tracker_benchmark/data/CarScale/img/0221.jpg,5,165,42,26
/home/public/tracker_benchmark_v1.0/benchmarks/tracker_benchmark/data/CarScale/img/0222.jpg,5,165,42,26
/home/public/tracker_benchmark_v1.0/benchmarks/tracker_benchmark/data/CarScale/img/0223.jpg,5,165,42,26
/home/public/tracker_benchmark_v1.0/benchmarks/tracker_benchmark/data/CarScale/img/0224.jpg,5,165,42,26
/home/public/tracker_benchmark_v1.0/benchmarks/tracker_benchmark/data/CarScale/img/0225.jpg,5,165,42,26
/home/public/tracker_benchmark_v1.0/benchmarks/tracker_benchmark/data/CarScale/img/0226.jpg,5,165,42,26
/home/public/tracker_benchmark_v1.0/benchmarks/tracker_benchmark/data/CarScale/img/0227.jpg,5,165,42,26
/home/public/tracker_benchmark_v1.0/benchmarks/tracker_benchmark/data/CarScale/img/0228.jpg,5,165,42,26
/home/public/tracker_benchmark_v1.0/benchmarks/tracker_benchmark/data/CarScale/img/0229.jpg,5,165,42,26
/home/public/tracker_benchmark_v1.0/benchmarks/tracker_benchmark/data/CarScale/img/0230.jpg,5,165,42,26
/home/public/tracker_benchmark_v1.0/benchmarks/tracker_benchmark/data/CarScale/img/0231.jpg,5,165,42,26
/home/public/tracker_benchmark_v1.0/benchmarks/tracker_benchmark/data/CarScale/img/0232.jpg,5,165,42,26
/home/public/tracker_benchmark_v1.0/benchmarks/tracker_benchmark/data/CarScale/img/0233.jpg,5,165,42,26
/home/public/tracker_benchmark_v1.0/benchmarks/tracker_benchmark/data/CarScale/img/0234.jpg,5,165,42,26
/home/public/tracker_benchmark_v1.0/benchmarks/tracker_benchmark/data/CarScale/img/0235.jpg,5,165,42,26
/home/public/tracker_benchmark_v1.0/benchmarks/tracker_benchmark/data/CarScale/img/0236.jpg,5,165,42,26
/home/public/tracker_benchmark_v1.0/benchmarks/tracker_benchmark/data/CarScale/img/0237.jpg,5,165,42,26
/home/public/tracker_benchmark_v1.0/benchmarks/tracker_benchmark/data/CarScale/img/0238.jpg,5,165,42,26
/home/public/tracker_benchmark_v1.0/benchmarks/tracker_benchmark/data/CarScale/img/0239.jpg,5,165,42,26
/home/public/tracker_benchmark_v1.0/benchmarks/tracker_benchmark/data/CarScale/img/0240.jpg,5,165,42,26
/home/public/tracker_benchmark_v1.0/benchmarks/tracker_benchmark/data/CarScale/img/0241.jpg,5,165,42,26
/home/public/tracker_benchmark_v1.0/benchmarks/tracker_benchmark/data/CarScale/img/0242.jpg,5,165,42,26
/home/public/tracker_benchmark_v1.0/benchmarks/tracker_benchmark/data/CarScale/img/0243.jpg,5,165,42,26
/home/public/tracker_benchmark_v1.0/benchmarks/tracker_benchmark/data/CarScale/img/0244.jpg,5,165,42,26
/home/public/tracker_benchmark_v1.0/benchmarks/tracker_benchmark/data/CarScale/img/0245.jpg,5,165,42,26
/home/public/tracker_benchmark_v1.0/benchmarks/tracker_benchmark/data/CarScale/img/0246.jpg,5,165,42,26
/home/public/tracker_benchmark_v1.0/benchmarks/tracker_benchmark/data/CarScale/img/0247.jpg,5,165,42,26
/home/public/tracker_benchmark_v1.0/benchmarks/tracker_benchmark/data/CarScale/img/0248.jpg,5,165,42,26
/home/public/tracker_benchmark_v1.0/benchmarks/tracker_benchmark/data/CarScale/img/0249.jpg,5,165,42,26
/home/public/tracker_benchmark_v1.0/benchmarks/tracker_benchmark/data/CarScale/img/0250.jpg,5,165,42,26
/home/public/tracker_benchmark_v1.0/benchmarks/tracker_benchmark/data/CarScale/img/0251.jpg,5,165,42,26
/home/public/tracker_benchmark_v1.0/benchmarks/tracker_benchmark/data/CarScale/img/0252.jpg,5,165,42,26
